  [1m[35m (485.4ms)[0m  [1m[35mCREATE DATABASE "rails-project-2_development" ENCODING = 'unicode'[0m
  ↳ /Users/amandachau/.rvm/rubies/ruby-2.6.3/lib/ruby/gems/2.6.0/gems/rake-12.3.2/lib/rake/task.rb:273
  [1m[35m (434.7ms)[0m  [1m[35mCREATE DATABASE "rails-project-2_test" ENCODING = 'unicode'[0m
  ↳ /Users/amandachau/.rvm/rubies/ruby-2.6.3/lib/ruby/gems/2.6.0/gems/rake-12.3.2/lib/rake/task.rb:273
  [1m[35m (26.3ms)[0m  [1m[35mCREATE TABLE "schema_migrations" ("version" character varying NOT NULL PRIMARY KEY)[0m
  ↳ /Users/amandachau/.rvm/rubies/ruby-2.6.3/lib/ruby/gems/2.6.0/gems/rake-12.3.2/lib/rake/task.rb:273
  [1m[35m (41.9ms)[0m  [1m[35mCREATE TABLE "ar_internal_metadata" ("key" character varying NOT NULL PRIMARY KEY, "value" character varying, "created_at" timestamp NOT NULL, "updated_at" timestamp NOT NULL)[0m
  ↳ /Users/amandachau/.rvm/rubies/ruby-2.6.3/lib/ruby/gems/2.6.0/gems/rake-12.3.2/lib/rake/task.rb:273
  [1m[35m (1.1ms)[0m  [1m[34mSELECT pg_try_advisory_lock(7281449958242353110)[0m
  ↳ /Users/amandachau/.rvm/rubies/ruby-2.6.3/lib/ruby/gems/2.6.0/gems/rake-12.3.2/lib/rake/task.rb:273
  [1m[35m (1.3ms)[0m  [1m[34mSELECT "schema_migrations"."version" FROM "schema_migrations" ORDER BY "schema_migrations"."version" ASC[0m
  ↳ /Users/amandachau/.rvm/rubies/ruby-2.6.3/lib/ruby/gems/2.6.0/gems/rake-12.3.2/lib/rake/task.rb:273
Migrating to CreateUsers (20190701015251)
  [1m[35m (40.7ms)[0m  [1m[35mBEGIN[0m
  ↳ /Users/amandachau/.rvm/rubies/ruby-2.6.3/lib/ruby/gems/2.6.0/gems/rake-12.3.2/lib/rake/task.rb:273
  [1m[35m (10.1ms)[0m  [1m[35mCREATE TABLE "users" ("id" bigserial primary key, "name" text, "email" text, "password_digest" text, "created_at" timestamp NOT NULL, "updated_at" timestamp NOT NULL)[0m
  ↳ db/migrate/20190701015251_create_users.rb:3
  [1m[36mActiveRecord::SchemaMigration Create (1.4ms)[0m  [1m[32mINSERT INTO "schema_migrations" ("version") VALUES ($1) RETURNING "version"[0m  [["version", "20190701015251"]]
  ↳ /Users/amandachau/.rvm/rubies/ruby-2.6.3/lib/ruby/gems/2.6.0/gems/rake-12.3.2/lib/rake/task.rb:273
  [1m[35m (0.3ms)[0m  [1m[35mCOMMIT[0m
  ↳ /Users/amandachau/.rvm/rubies/ruby-2.6.3/lib/ruby/gems/2.6.0/gems/rake-12.3.2/lib/rake/task.rb:273
  [1m[36mActiveRecord::InternalMetadata Load (0.8ms)[0m  [1m[34mSELECT  "ar_internal_metadata".* FROM "ar_internal_metadata" WHERE "ar_internal_metadata"."key" = $1 LIMIT $2[0m  [["key", "environment"], ["LIMIT", 1]]
  ↳ /Users/amandachau/.rvm/rubies/ruby-2.6.3/lib/ruby/gems/2.6.0/gems/rake-12.3.2/lib/rake/task.rb:273
  [1m[35m (0.2ms)[0m  [1m[35mBEGIN[0m
  ↳ /Users/amandachau/.rvm/rubies/ruby-2.6.3/lib/ruby/gems/2.6.0/gems/rake-12.3.2/lib/rake/task.rb:273
  [1m[36mActiveRecord::InternalMetadata Create (0.9ms)[0m  [1m[32mINSERT INTO "ar_internal_metadata" ("key", "value", "created_at", "updated_at") VALUES ($1, $2, $3, $4) RETURNING "key"[0m  [["key", "environment"], ["value", "development"], ["created_at", "2019-07-01 01:54:35.495189"], ["updated_at", "2019-07-01 01:54:35.495189"]]
  ↳ /Users/amandachau/.rvm/rubies/ruby-2.6.3/lib/ruby/gems/2.6.0/gems/rake-12.3.2/lib/rake/task.rb:273
  [1m[35m (0.3ms)[0m  [1m[35mCOMMIT[0m
  ↳ /Users/amandachau/.rvm/rubies/ruby-2.6.3/lib/ruby/gems/2.6.0/gems/rake-12.3.2/lib/rake/task.rb:273
  [1m[35m (0.3ms)[0m  [1m[34mSELECT pg_advisory_unlock(7281449958242353110)[0m
  ↳ /Users/amandachau/.rvm/rubies/ruby-2.6.3/lib/ruby/gems/2.6.0/gems/rake-12.3.2/lib/rake/task.rb:273
  [1m[35m (0.6ms)[0m  [1m[34mSELECT "schema_migrations"."version" FROM "schema_migrations" ORDER BY "schema_migrations"."version" ASC[0m
  ↳ /Users/amandachau/.rvm/rubies/ruby-2.6.3/lib/ruby/gems/2.6.0/gems/rake-12.3.2/lib/rake/task.rb:273
  [1m[35m (0.2ms)[0m  [1m[34mSELECT pg_try_advisory_lock(7281449958242353110)[0m
  ↳ /Users/amandachau/.rvm/rubies/ruby-2.6.3/lib/ruby/gems/2.6.0/gems/rake-12.3.2/lib/rake/task.rb:273
  [1m[35m (0.8ms)[0m  [1m[34mSELECT "schema_migrations"."version" FROM "schema_migrations" ORDER BY "schema_migrations"."version" ASC[0m
  ↳ /Users/amandachau/.rvm/rubies/ruby-2.6.3/lib/ruby/gems/2.6.0/gems/rake-12.3.2/lib/rake/task.rb:273
Migrating to CreateComments (20190701020156)
  [1m[35m (0.2ms)[0m  [1m[35mBEGIN[0m
  ↳ /Users/amandachau/.rvm/rubies/ruby-2.6.3/lib/ruby/gems/2.6.0/gems/rake-12.3.2/lib/rake/task.rb:273
  [1m[35m (46.3ms)[0m  [1m[35mCREATE TABLE "comments" ("id" bigserial primary key, "comment" text, "user_id" integer, "suburb_id" integer, "created_at" timestamp NOT NULL, "updated_at" timestamp NOT NULL)[0m
  ↳ db/migrate/20190701020156_create_comments.rb:3
  [1m[36mActiveRecord::SchemaMigration Create (0.6ms)[0m  [1m[32mINSERT INTO "schema_migrations" ("version") VALUES ($1) RETURNING "version"[0m  [["version", "20190701020156"]]
  ↳ /Users/amandachau/.rvm/rubies/ruby-2.6.3/lib/ruby/gems/2.6.0/gems/rake-12.3.2/lib/rake/task.rb:273
  [1m[35m (0.5ms)[0m  [1m[35mCOMMIT[0m
  ↳ /Users/amandachau/.rvm/rubies/ruby-2.6.3/lib/ruby/gems/2.6.0/gems/rake-12.3.2/lib/rake/task.rb:273
  [1m[36mActiveRecord::InternalMetadata Load (0.5ms)[0m  [1m[34mSELECT  "ar_internal_metadata".* FROM "ar_internal_metadata" WHERE "ar_internal_metadata"."key" = $1 LIMIT $2[0m  [["key", "environment"], ["LIMIT", 1]]
  ↳ /Users/amandachau/.rvm/rubies/ruby-2.6.3/lib/ruby/gems/2.6.0/gems/rake-12.3.2/lib/rake/task.rb:273
  [1m[35m (0.1ms)[0m  [1m[35mBEGIN[0m
  ↳ /Users/amandachau/.rvm/rubies/ruby-2.6.3/lib/ruby/gems/2.6.0/gems/rake-12.3.2/lib/rake/task.rb:273
  [1m[35m (0.1ms)[0m  [1m[35mCOMMIT[0m
  ↳ /Users/amandachau/.rvm/rubies/ruby-2.6.3/lib/ruby/gems/2.6.0/gems/rake-12.3.2/lib/rake/task.rb:273
  [1m[35m (0.2ms)[0m  [1m[34mSELECT pg_advisory_unlock(7281449958242353110)[0m
  ↳ /Users/amandachau/.rvm/rubies/ruby-2.6.3/lib/ruby/gems/2.6.0/gems/rake-12.3.2/lib/rake/task.rb:273
  [1m[35m (0.2ms)[0m  [1m[34mSELECT "schema_migrations"."version" FROM "schema_migrations" ORDER BY "schema_migrations"."version" ASC[0m
  ↳ /Users/amandachau/.rvm/rubies/ruby-2.6.3/lib/ruby/gems/2.6.0/gems/rake-12.3.2/lib/rake/task.rb:273
  [1m[35m (0.2ms)[0m  [1m[34mSELECT pg_try_advisory_lock(7281449958242353110)[0m
  ↳ /Users/amandachau/.rvm/rubies/ruby-2.6.3/lib/ruby/gems/2.6.0/gems/rake-12.3.2/lib/rake/task.rb:273
  [1m[35m (0.8ms)[0m  [1m[34mSELECT "schema_migrations"."version" FROM "schema_migrations" ORDER BY "schema_migrations"."version" ASC[0m
  ↳ /Users/amandachau/.rvm/rubies/ruby-2.6.3/lib/ruby/gems/2.6.0/gems/rake-12.3.2/lib/rake/task.rb:273
Migrating to CreateSuburbs (20190701020424)
  [1m[35m (0.2ms)[0m  [1m[35mBEGIN[0m
  ↳ /Users/amandachau/.rvm/rubies/ruby-2.6.3/lib/ruby/gems/2.6.0/gems/rake-12.3.2/lib/rake/task.rb:273
  [1m[35m (43.9ms)[0m  [1m[35mCREATE TABLE "suburbs" ("id" bigserial primary key, "name" text, "created_at" timestamp NOT NULL, "updated_at" timestamp NOT NULL)[0m
  ↳ db/migrate/20190701020424_create_suburbs.rb:3
  [1m[36mActiveRecord::SchemaMigration Create (0.4ms)[0m  [1m[32mINSERT INTO "schema_migrations" ("version") VALUES ($1) RETURNING "version"[0m  [["version", "20190701020424"]]
  ↳ /Users/amandachau/.rvm/rubies/ruby-2.6.3/lib/ruby/gems/2.6.0/gems/rake-12.3.2/lib/rake/task.rb:273
  [1m[35m (0.4ms)[0m  [1m[35mCOMMIT[0m
  ↳ /Users/amandachau/.rvm/rubies/ruby-2.6.3/lib/ruby/gems/2.6.0/gems/rake-12.3.2/lib/rake/task.rb:273
  [1m[36mActiveRecord::InternalMetadata Load (0.5ms)[0m  [1m[34mSELECT  "ar_internal_metadata".* FROM "ar_internal_metadata" WHERE "ar_internal_metadata"."key" = $1 LIMIT $2[0m  [["key", "environment"], ["LIMIT", 1]]
  ↳ /Users/amandachau/.rvm/rubies/ruby-2.6.3/lib/ruby/gems/2.6.0/gems/rake-12.3.2/lib/rake/task.rb:273
  [1m[35m (0.1ms)[0m  [1m[35mBEGIN[0m
  ↳ /Users/amandachau/.rvm/rubies/ruby-2.6.3/lib/ruby/gems/2.6.0/gems/rake-12.3.2/lib/rake/task.rb:273
  [1m[35m (0.1ms)[0m  [1m[35mCOMMIT[0m
  ↳ /Users/amandachau/.rvm/rubies/ruby-2.6.3/lib/ruby/gems/2.6.0/gems/rake-12.3.2/lib/rake/task.rb:273
  [1m[35m (0.2ms)[0m  [1m[34mSELECT pg_advisory_unlock(7281449958242353110)[0m
  ↳ /Users/amandachau/.rvm/rubies/ruby-2.6.3/lib/ruby/gems/2.6.0/gems/rake-12.3.2/lib/rake/task.rb:273
  [1m[35m (0.2ms)[0m  [1m[34mSELECT "schema_migrations"."version" FROM "schema_migrations" ORDER BY "schema_migrations"."version" ASC[0m
  ↳ /Users/amandachau/.rvm/rubies/ruby-2.6.3/lib/ruby/gems/2.6.0/gems/rake-12.3.2/lib/rake/task.rb:273
  [1m[35m (0.2ms)[0m  [1m[34mSELECT pg_try_advisory_lock(7281449958242353110)[0m
  ↳ /Users/amandachau/.rvm/rubies/ruby-2.6.3/lib/ruby/gems/2.6.0/gems/rake-12.3.2/lib/rake/task.rb:273
  [1m[35m (0.8ms)[0m  [1m[34mSELECT "schema_migrations"."version" FROM "schema_migrations" ORDER BY "schema_migrations"."version" ASC[0m
  ↳ /Users/amandachau/.rvm/rubies/ruby-2.6.3/lib/ruby/gems/2.6.0/gems/rake-12.3.2/lib/rake/task.rb:273
Migrating to CreateListings (20190701022235)
  [1m[35m (0.2ms)[0m  [1m[35mBEGIN[0m
  ↳ /Users/amandachau/.rvm/rubies/ruby-2.6.3/lib/ruby/gems/2.6.0/gems/rake-12.3.2/lib/rake/task.rb:273
  [1m[35m (47.0ms)[0m  [1m[35mCREATE TABLE "listings" ("id" bigserial primary key, "listing_id" integer, "headline" text, "image" text, "address" text, "latitude" float, "longitude" float, "created_at" timestamp NOT NULL, "updated_at" timestamp NOT NULL)[0m
  ↳ db/migrate/20190701022235_create_listings.rb:3
  [1m[36mActiveRecord::SchemaMigration Create (0.5ms)[0m  [1m[32mINSERT INTO "schema_migrations" ("version") VALUES ($1) RETURNING "version"[0m  [["version", "20190701022235"]]
  ↳ /Users/amandachau/.rvm/rubies/ruby-2.6.3/lib/ruby/gems/2.6.0/gems/rake-12.3.2/lib/rake/task.rb:273
  [1m[35m (0.6ms)[0m  [1m[35mCOMMIT[0m
  ↳ /Users/amandachau/.rvm/rubies/ruby-2.6.3/lib/ruby/gems/2.6.0/gems/rake-12.3.2/lib/rake/task.rb:273
Migrating to ListingsUsers (20190701023006)
  [1m[35m (40.7ms)[0m  [1m[35mBEGIN[0m
  ↳ /Users/amandachau/.rvm/rubies/ruby-2.6.3/lib/ruby/gems/2.6.0/gems/rake-12.3.2/lib/rake/task.rb:273
  [1m[36mActiveRecord::SchemaMigration Create (0.5ms)[0m  [1m[32mINSERT INTO "schema_migrations" ("version") VALUES ($1) RETURNING "version"[0m  [["version", "20190701023006"]]
  ↳ /Users/amandachau/.rvm/rubies/ruby-2.6.3/lib/ruby/gems/2.6.0/gems/rake-12.3.2/lib/rake/task.rb:273
  [1m[35m (0.5ms)[0m  [1m[35mCOMMIT[0m
  ↳ /Users/amandachau/.rvm/rubies/ruby-2.6.3/lib/ruby/gems/2.6.0/gems/rake-12.3.2/lib/rake/task.rb:273
  [1m[36mActiveRecord::InternalMetadata Load (0.6ms)[0m  [1m[34mSELECT  "ar_internal_metadata".* FROM "ar_internal_metadata" WHERE "ar_internal_metadata"."key" = $1 LIMIT $2[0m  [["key", "environment"], ["LIMIT", 1]]
  ↳ /Users/amandachau/.rvm/rubies/ruby-2.6.3/lib/ruby/gems/2.6.0/gems/rake-12.3.2/lib/rake/task.rb:273
  [1m[35m (0.2ms)[0m  [1m[35mBEGIN[0m
  ↳ /Users/amandachau/.rvm/rubies/ruby-2.6.3/lib/ruby/gems/2.6.0/gems/rake-12.3.2/lib/rake/task.rb:273
  [1m[35m (0.1ms)[0m  [1m[35mCOMMIT[0m
  ↳ /Users/amandachau/.rvm/rubies/ruby-2.6.3/lib/ruby/gems/2.6.0/gems/rake-12.3.2/lib/rake/task.rb:273
  [1m[35m (0.4ms)[0m  [1m[34mSELECT pg_advisory_unlock(7281449958242353110)[0m
  ↳ /Users/amandachau/.rvm/rubies/ruby-2.6.3/lib/ruby/gems/2.6.0/gems/rake-12.3.2/lib/rake/task.rb:273
  [1m[35m (0.2ms)[0m  [1m[34mSELECT "schema_migrations"."version" FROM "schema_migrations" ORDER BY "schema_migrations"."version" ASC[0m
  ↳ /Users/amandachau/.rvm/rubies/ruby-2.6.3/lib/ruby/gems/2.6.0/gems/rake-12.3.2/lib/rake/task.rb:273
  [1m[35m (0.9ms)[0m  [1m[34mSELECT "schema_migrations"."version" FROM "schema_migrations" ORDER BY "schema_migrations"."version" ASC[0m
  ↳ /Users/amandachau/.rvm/rubies/ruby-2.6.3/lib/ruby/gems/2.6.0/gems/rake-12.3.2/lib/rake/task.rb:273
  [1m[35m (0.8ms)[0m  [1m[34mSELECT "schema_migrations"."version" FROM "schema_migrations" ORDER BY "schema_migrations"."version" ASC[0m
  ↳ /Users/amandachau/.rvm/rubies/ruby-2.6.3/lib/ruby/gems/2.6.0/gems/rake-12.3.2/lib/rake/task.rb:273
  [1m[35m (0.2ms)[0m  [1m[34mSELECT "schema_migrations"."version" FROM "schema_migrations" ORDER BY "schema_migrations"."version" ASC[0m
  ↳ /Users/amandachau/.rvm/rubies/ruby-2.6.3/lib/ruby/gems/2.6.0/gems/rake-12.3.2/lib/rake/task.rb:273
  [1m[35m (0.2ms)[0m  [1m[34mSELECT "schema_migrations"."version" FROM "schema_migrations" ORDER BY "schema_migrations"."version" ASC[0m
  ↳ /Users/amandachau/.rvm/rubies/ruby-2.6.3/lib/ruby/gems/2.6.0/gems/rake-12.3.2/lib/rake/task.rb:273
  [1m[35m (0.2ms)[0m  [1m[34mSELECT pg_try_advisory_lock(7281449958242353110)[0m
  ↳ /Users/amandachau/.rvm/rubies/ruby-2.6.3/lib/ruby/gems/2.6.0/gems/rake-12.3.2/lib/rake/task.rb:273
  [1m[35m (0.2ms)[0m  [1m[34mSELECT "schema_migrations"."version" FROM "schema_migrations" ORDER BY "schema_migrations"."version" ASC[0m
  ↳ /Users/amandachau/.rvm/rubies/ruby-2.6.3/lib/ruby/gems/2.6.0/gems/rake-12.3.2/lib/rake/task.rb:273
Migrating to ListingsUsers (20190701023006)
  [1m[35m (0.2ms)[0m  [1m[35mBEGIN[0m
  ↳ /Users/amandachau/.rvm/rubies/ruby-2.6.3/lib/ruby/gems/2.6.0/gems/rake-12.3.2/lib/rake/task.rb:273
  [1m[36mActiveRecord::SchemaMigration Destroy (41.9ms)[0m  [1m[31mDELETE FROM "schema_migrations" WHERE "schema_migrations"."version" = $1[0m  [["version", "20190701023006"]]
  ↳ /Users/amandachau/.rvm/rubies/ruby-2.6.3/lib/ruby/gems/2.6.0/gems/rake-12.3.2/lib/rake/task.rb:273
  [1m[35m (0.5ms)[0m  [1m[35mCOMMIT[0m
  ↳ /Users/amandachau/.rvm/rubies/ruby-2.6.3/lib/ruby/gems/2.6.0/gems/rake-12.3.2/lib/rake/task.rb:273
  [1m[35m (0.3ms)[0m  [1m[34mSELECT pg_advisory_unlock(7281449958242353110)[0m
  ↳ /Users/amandachau/.rvm/rubies/ruby-2.6.3/lib/ruby/gems/2.6.0/gems/rake-12.3.2/lib/rake/task.rb:273
  [1m[35m (0.3ms)[0m  [1m[34mSELECT "schema_migrations"."version" FROM "schema_migrations" ORDER BY "schema_migrations"."version" ASC[0m
  ↳ /Users/amandachau/.rvm/rubies/ruby-2.6.3/lib/ruby/gems/2.6.0/gems/rake-12.3.2/lib/rake/task.rb:273
  [1m[35m (0.9ms)[0m  [1m[34mSELECT "schema_migrations"."version" FROM "schema_migrations" ORDER BY "schema_migrations"."version" ASC[0m
  ↳ /Users/amandachau/.rvm/rubies/ruby-2.6.3/lib/ruby/gems/2.6.0/gems/rake-12.3.2/lib/rake/task.rb:273
  [1m[35m (0.2ms)[0m  [1m[34mSELECT pg_try_advisory_lock(7281449958242353110)[0m
  ↳ /Users/amandachau/.rvm/rubies/ruby-2.6.3/lib/ruby/gems/2.6.0/gems/rake-12.3.2/lib/rake/task.rb:273
  [1m[35m (0.8ms)[0m  [1m[34mSELECT "schema_migrations"."version" FROM "schema_migrations" ORDER BY "schema_migrations"."version" ASC[0m
  ↳ /Users/amandachau/.rvm/rubies/ruby-2.6.3/lib/ruby/gems/2.6.0/gems/rake-12.3.2/lib/rake/task.rb:273
Migrating to CreateListingsUsers (20190701025615)
  [1m[35m (0.2ms)[0m  [1m[35mBEGIN[0m
  ↳ /Users/amandachau/.rvm/rubies/ruby-2.6.3/lib/ruby/gems/2.6.0/gems/rake-12.3.2/lib/rake/task.rb:273
  [1m[35m (44.1ms)[0m  [1m[35mCREATE TABLE "listings_users" ("id" bigserial primary key, "user_id" integer, "listing_id" integer)[0m
  ↳ db/migrate/20190701025615_create_listings_users.rb:3
  [1m[36mActiveRecord::SchemaMigration Create (0.5ms)[0m  [1m[32mINSERT INTO "schema_migrations" ("version") VALUES ($1) RETURNING "version"[0m  [["version", "20190701025615"]]
  ↳ /Users/amandachau/.rvm/rubies/ruby-2.6.3/lib/ruby/gems/2.6.0/gems/rake-12.3.2/lib/rake/task.rb:273
  [1m[35m (1.2ms)[0m  [1m[35mCOMMIT[0m
  ↳ /Users/amandachau/.rvm/rubies/ruby-2.6.3/lib/ruby/gems/2.6.0/gems/rake-12.3.2/lib/rake/task.rb:273
  [1m[36mActiveRecord::InternalMetadata Load (0.5ms)[0m  [1m[34mSELECT  "ar_internal_metadata".* FROM "ar_internal_metadata" WHERE "ar_internal_metadata"."key" = $1 LIMIT $2[0m  [["key", "environment"], ["LIMIT", 1]]
  ↳ /Users/amandachau/.rvm/rubies/ruby-2.6.3/lib/ruby/gems/2.6.0/gems/rake-12.3.2/lib/rake/task.rb:273
  [1m[35m (0.2ms)[0m  [1m[35mBEGIN[0m
  ↳ /Users/amandachau/.rvm/rubies/ruby-2.6.3/lib/ruby/gems/2.6.0/gems/rake-12.3.2/lib/rake/task.rb:273
  [1m[35m (0.1ms)[0m  [1m[35mCOMMIT[0m
  ↳ /Users/amandachau/.rvm/rubies/ruby-2.6.3/lib/ruby/gems/2.6.0/gems/rake-12.3.2/lib/rake/task.rb:273
  [1m[35m (0.2ms)[0m  [1m[34mSELECT pg_advisory_unlock(7281449958242353110)[0m
  ↳ /Users/amandachau/.rvm/rubies/ruby-2.6.3/lib/ruby/gems/2.6.0/gems/rake-12.3.2/lib/rake/task.rb:273
  [1m[35m (0.2ms)[0m  [1m[34mSELECT "schema_migrations"."version" FROM "schema_migrations" ORDER BY "schema_migrations"."version" ASC[0m
  ↳ /Users/amandachau/.rvm/rubies/ruby-2.6.3/lib/ruby/gems/2.6.0/gems/rake-12.3.2/lib/rake/task.rb:273
  [1m[35m (1.1ms)[0m  [1m[34mSELECT "schema_migrations"."version" FROM "schema_migrations" ORDER BY "schema_migrations"."version" ASC[0m
  ↳ /Users/amandachau/.rvm/rubies/ruby-2.6.3/lib/ruby/gems/2.6.0/gems/rake-12.3.2/lib/rake/task.rb:273
  [1m[36mUser Load (40.0ms)[0m  [1m[34mSELECT "users".* FROM "users"[0m
  ↳ db/seeds.rb:9
  [1m[35m (0.2ms)[0m  [1m[35mBEGIN[0m
  ↳ db/seeds.rb:13
  [1m[36mUser Create (0.7ms)[0m  [1m[32mINSERT INTO "users" ("name", "email", "password_digest", "created_at", "updated_at") VALUES ($1, $2, $3, $4, $5) RETURNING "id"[0m  [["name", "Isla Eve"], ["email", "ie@ga.co"], ["password_digest", "$2a$12$jMt37EZIJXpin15wXoFCX.oPPZFRNWi96CmOTYaapTnIiPYS1xXea"], ["created_at", "2019-07-01 04:39:00.345424"], ["updated_at", "2019-07-01 04:39:00.345424"]]
  ↳ db/seeds.rb:13
  [1m[35m (1.3ms)[0m  [1m[35mCOMMIT[0m
  ↳ db/seeds.rb:13
  [1m[35m (0.2ms)[0m  [1m[35mBEGIN[0m
  ↳ db/seeds.rb:14
  [1m[36mUser Create (0.3ms)[0m  [1m[32mINSERT INTO "users" ("name", "email", "password_digest", "created_at", "updated_at") VALUES ($1, $2, $3, $4, $5) RETURNING "id"[0m  [["name", "Tim Code"], ["email", "tc@ga.co"], ["password_digest", "$2a$12$u0MiwXGdEv9HuAbvmLAnou5EbuGs/UId38WwN.mB9oBp.uu./yqTa"], ["created_at", "2019-07-01 04:39:00.595509"], ["updated_at", "2019-07-01 04:39:00.595509"]]
  ↳ db/seeds.rb:14
  [1m[35m (1.3ms)[0m  [1m[35mCOMMIT[0m
  ↳ db/seeds.rb:14
  [1m[35m (0.2ms)[0m  [1m[35mBEGIN[0m
  ↳ db/seeds.rb:15
  [1m[36mUser Create (0.4ms)[0m  [1m[32mINSERT INTO "users" ("name", "email", "password_digest", "created_at", "updated_at") VALUES ($1, $2, $3, $4, $5) RETURNING "id"[0m  [["name", "Sara Wu"], ["email", "sw@ga.co"], ["password_digest", "$2a$12$ZLf6VlberdbfS4dyq0VRquvzp2yo5hOlJKvXH1V/i2eJPeda9bkWC"], ["created_at", "2019-07-01 04:39:00.844295"], ["updated_at", "2019-07-01 04:39:00.844295"]]
  ↳ db/seeds.rb:15
  [1m[35m (1.2ms)[0m  [1m[35mCOMMIT[0m
  ↳ db/seeds.rb:15
  [1m[35m (0.2ms)[0m  [1m[35mBEGIN[0m
  ↳ db/seeds.rb:16
  [1m[36mUser Create (0.4ms)[0m  [1m[32mINSERT INTO "users" ("name", "email", "password_digest", "created_at", "updated_at") VALUES ($1, $2, $3, $4, $5) RETURNING "id"[0m  [["name", "Leonardo Costa"], ["email", "lc@ga.co"], ["password_digest", "$2a$12$Gf0PBOmOo2yV/s1fT6xJHeYvxhYiws8/AZ4jyb7hgwPrmrCjLb8bW"], ["created_at", "2019-07-01 04:39:01.090778"], ["updated_at", "2019-07-01 04:39:01.090778"]]
  ↳ db/seeds.rb:16
  [1m[35m (1.3ms)[0m  [1m[35mCOMMIT[0m
  ↳ db/seeds.rb:16
  [1m[36mUser Load (0.4ms)[0m  [1m[34mSELECT "users".* FROM "users"[0m
  ↳ db/seeds.rb:18
  [1m[35m (0.8ms)[0m  [1m[34mSELECT "schema_migrations"."version" FROM "schema_migrations" ORDER BY "schema_migrations"."version" ASC[0m
  ↳ /Users/amandachau/.rvm/rubies/ruby-2.6.3/lib/ruby/gems/2.6.0/gems/rake-12.3.2/lib/rake/task.rb:273
  [1m[36mUser Load (0.6ms)[0m  [1m[34mSELECT "users".* FROM "users"[0m
  ↳ db/seeds.rb:9
  [1m[35m (0.2ms)[0m  [1m[35mBEGIN[0m
  ↳ db/seeds.rb:9
  [1m[36mUser Destroy (0.5ms)[0m  [1m[31mDELETE FROM "users" WHERE "users"."id" = $1[0m  [["id", 1]]
  ↳ db/seeds.rb:9
  [1m[35m (40.8ms)[0m  [1m[35mCOMMIT[0m
  ↳ db/seeds.rb:9
  [1m[35m (0.2ms)[0m  [1m[35mBEGIN[0m
  ↳ db/seeds.rb:9
  [1m[36mUser Destroy (0.5ms)[0m  [1m[31mDELETE FROM "users" WHERE "users"."id" = $1[0m  [["id", 2]]
  ↳ db/seeds.rb:9
  [1m[35m (1.3ms)[0m  [1m[35mCOMMIT[0m
  ↳ db/seeds.rb:9
  [1m[35m (0.2ms)[0m  [1m[35mBEGIN[0m
  ↳ db/seeds.rb:9
  [1m[36mUser Destroy (0.5ms)[0m  [1m[31mDELETE FROM "users" WHERE "users"."id" = $1[0m  [["id", 3]]
  ↳ db/seeds.rb:9
  [1m[35m (0.4ms)[0m  [1m[35mCOMMIT[0m
  ↳ db/seeds.rb:9
  [1m[35m (0.2ms)[0m  [1m[35mBEGIN[0m
  ↳ db/seeds.rb:9
  [1m[36mUser Destroy (0.4ms)[0m  [1m[31mDELETE FROM "users" WHERE "users"."id" = $1[0m  [["id", 4]]
  ↳ db/seeds.rb:9
  [1m[35m (0.4ms)[0m  [1m[35mCOMMIT[0m
  ↳ db/seeds.rb:9
  [1m[35m (0.2ms)[0m  [1m[35mBEGIN[0m
  ↳ db/seeds.rb:13
  [1m[36mUser Create (0.5ms)[0m  [1m[32mINSERT INTO "users" ("name", "email", "password_digest", "created_at", "updated_at") VALUES ($1, $2, $3, $4, $5) RETURNING "id"[0m  [["name", "Isla Eve"], ["email", "ie@ga.co"], ["password_digest", "$2a$12$4x8RNXZ/5PfOcVAkrpgo6.gMhQydMUJX40zhVP6rzMCZHqfTyD7hS"], ["created_at", "2019-07-01 04:51:31.189531"], ["updated_at", "2019-07-01 04:51:31.189531"]]
  ↳ db/seeds.rb:13
  [1m[35m (1.2ms)[0m  [1m[35mCOMMIT[0m
  ↳ db/seeds.rb:13
  [1m[35m (0.2ms)[0m  [1m[35mBEGIN[0m
  ↳ db/seeds.rb:14
  [1m[36mUser Create (0.4ms)[0m  [1m[32mINSERT INTO "users" ("name", "email", "password_digest", "created_at", "updated_at") VALUES ($1, $2, $3, $4, $5) RETURNING "id"[0m  [["name", "Tim Code"], ["email", "tc@ga.co"], ["password_digest", "$2a$12$bTFW/MIiIcrESeN1bNx4i.ogE7t9bDcCSW85xb0bncNoZwvv.vgW2"], ["created_at", "2019-07-01 04:51:31.440040"], ["updated_at", "2019-07-01 04:51:31.440040"]]
  ↳ db/seeds.rb:14
  [1m[35m (1.2ms)[0m  [1m[35mCOMMIT[0m
  ↳ db/seeds.rb:14
  [1m[35m (0.2ms)[0m  [1m[35mBEGIN[0m
  ↳ db/seeds.rb:15
  [1m[36mUser Create (0.4ms)[0m  [1m[32mINSERT INTO "users" ("name", "email", "password_digest", "created_at", "updated_at") VALUES ($1, $2, $3, $4, $5) RETURNING "id"[0m  [["name", "Sara Wu"], ["email", "sw@ga.co"], ["password_digest", "$2a$12$YnHtJm.03Ntjz3MDuPfx3.JYQAV43.lQZ.uZfKZZ/A.2R6/9mg62O"], ["created_at", "2019-07-01 04:51:31.689587"], ["updated_at", "2019-07-01 04:51:31.689587"]]
  ↳ db/seeds.rb:15
  [1m[35m (1.3ms)[0m  [1m[35mCOMMIT[0m
  ↳ db/seeds.rb:15
  [1m[35m (0.2ms)[0m  [1m[35mBEGIN[0m
  ↳ db/seeds.rb:16
  [1m[36mUser Create (0.4ms)[0m  [1m[32mINSERT INTO "users" ("name", "email", "password_digest", "created_at", "updated_at") VALUES ($1, $2, $3, $4, $5) RETURNING "id"[0m  [["name", "Leonardo Costa"], ["email", "lc@ga.co"], ["password_digest", "$2a$12$cZ4Cu42RG9PYmn7XSJVJ..cHO1a22y8/VkEAyWPeX2.HDn/M2yJi."], ["created_at", "2019-07-01 04:51:31.937094"], ["updated_at", "2019-07-01 04:51:31.937094"]]
  ↳ db/seeds.rb:16
  [1m[35m (1.2ms)[0m  [1m[35mCOMMIT[0m
  ↳ db/seeds.rb:16
  [1m[36mUser Load (0.4ms)[0m  [1m[34mSELECT "users".* FROM "users"[0m
  ↳ db/seeds.rb:18
  [1m[36mSuburb Load (37.1ms)[0m  [1m[34mSELECT "suburbs".* FROM "suburbs"[0m
  ↳ db/seeds.rb:20
  [1m[35m (0.1ms)[0m  [1m[35mBEGIN[0m
  ↳ db/seeds.rb:24
  [1m[36mSuburb Create (0.6ms)[0m  [1m[32mINSERT INTO "suburbs" ("name", "created_at", "updated_at") VALUES ($1, $2, $3) RETURNING "id"[0m  [["name", "Newtown"], ["created_at", "2019-07-01 04:51:31.995359"], ["updated_at", "2019-07-01 04:51:31.995359"]]
  ↳ db/seeds.rb:24
  [1m[35m (0.3ms)[0m  [1m[35mCOMMIT[0m
  ↳ db/seeds.rb:24
  [1m[35m (0.1ms)[0m  [1m[35mBEGIN[0m
  ↳ db/seeds.rb:25
  [1m[36mSuburb Create (0.2ms)[0m  [1m[32mINSERT INTO "suburbs" ("name", "created_at", "updated_at") VALUES ($1, $2, $3) RETURNING "id"[0m  [["name", "Enmore"], ["created_at", "2019-07-01 04:51:31.999354"], ["updated_at", "2019-07-01 04:51:31.999354"]]
  ↳ db/seeds.rb:25
  [1m[35m (0.2ms)[0m  [1m[35mCOMMIT[0m
  ↳ db/seeds.rb:25
  [1m[35m (0.1ms)[0m  [1m[35mBEGIN[0m
  ↳ db/seeds.rb:26
  [1m[36mSuburb Create (0.2ms)[0m  [1m[32mINSERT INTO "suburbs" ("name", "created_at", "updated_at") VALUES ($1, $2, $3) RETURNING "id"[0m  [["name", "Erskineville"], ["created_at", "2019-07-01 04:51:32.001420"], ["updated_at", "2019-07-01 04:51:32.001420"]]
  ↳ db/seeds.rb:26
  [1m[35m (0.2ms)[0m  [1m[35mCOMMIT[0m
  ↳ db/seeds.rb:26
  [1m[35m (0.1ms)[0m  [1m[35mBEGIN[0m
  ↳ db/seeds.rb:27
  [1m[36mSuburb Create (0.2ms)[0m  [1m[32mINSERT INTO "suburbs" ("name", "created_at", "updated_at") VALUES ($1, $2, $3) RETURNING "id"[0m  [["name", "Woolloomooloo"], ["created_at", "2019-07-01 04:51:32.003419"], ["updated_at", "2019-07-01 04:51:32.003419"]]
  ↳ db/seeds.rb:27
  [1m[35m (0.3ms)[0m  [1m[35mCOMMIT[0m
  ↳ db/seeds.rb:27
  [1m[35m (0.1ms)[0m  [1m[35mBEGIN[0m
  ↳ db/seeds.rb:28
  [1m[36mSuburb Create (0.3ms)[0m  [1m[32mINSERT INTO "suburbs" ("name", "created_at", "updated_at") VALUES ($1, $2, $3) RETURNING "id"[0m  [["name", "Potts Point"], ["created_at", "2019-07-01 04:51:32.005617"], ["updated_at", "2019-07-01 04:51:32.005617"]]
  ↳ db/seeds.rb:28
  [1m[35m (0.3ms)[0m  [1m[35mCOMMIT[0m
  ↳ db/seeds.rb:28
  [1m[36mSuburb Load (0.3ms)[0m  [1m[34mSELECT "suburbs".* FROM "suburbs"[0m
  ↳ db/seeds.rb:30
  [1m[35m (0.8ms)[0m  [1m[34mSELECT "schema_migrations"."version" FROM "schema_migrations" ORDER BY "schema_migrations"."version" ASC[0m
  ↳ /Users/amandachau/.rvm/rubies/ruby-2.6.3/lib/ruby/gems/2.6.0/gems/rake-12.3.2/lib/rake/task.rb:273
  [1m[36mUser Load (0.8ms)[0m  [1m[34mSELECT "users".* FROM "users"[0m
  ↳ db/seeds.rb:9
  [1m[35m (0.3ms)[0m  [1m[35mBEGIN[0m
  ↳ db/seeds.rb:9
  [1m[36mUser Destroy (0.9ms)[0m  [1m[31mDELETE FROM "users" WHERE "users"."id" = $1[0m  [["id", 5]]
  ↳ db/seeds.rb:9
  [1m[35m (40.7ms)[0m  [1m[35mCOMMIT[0m
  ↳ db/seeds.rb:9
  [1m[35m (0.2ms)[0m  [1m[35mBEGIN[0m
  ↳ db/seeds.rb:9
  [1m[36mUser Destroy (0.5ms)[0m  [1m[31mDELETE FROM "users" WHERE "users"."id" = $1[0m  [["id", 6]]
  ↳ db/seeds.rb:9
  [1m[35m (1.3ms)[0m  [1m[35mCOMMIT[0m
  ↳ db/seeds.rb:9
  [1m[35m (0.3ms)[0m  [1m[35mBEGIN[0m
  ↳ db/seeds.rb:9
  [1m[36mUser Destroy (0.5ms)[0m  [1m[31mDELETE FROM "users" WHERE "users"."id" = $1[0m  [["id", 7]]
  ↳ db/seeds.rb:9
  [1m[35m (0.4ms)[0m  [1m[35mCOMMIT[0m
  ↳ db/seeds.rb:9
  [1m[35m (0.2ms)[0m  [1m[35mBEGIN[0m
  ↳ db/seeds.rb:9
  [1m[36mUser Destroy (0.3ms)[0m  [1m[31mDELETE FROM "users" WHERE "users"."id" = $1[0m  [["id", 8]]
  ↳ db/seeds.rb:9
  [1m[35m (0.3ms)[0m  [1m[35mCOMMIT[0m
  ↳ db/seeds.rb:9
  [1m[35m (0.2ms)[0m  [1m[35mBEGIN[0m
  ↳ db/seeds.rb:13
  [1m[36mUser Create (0.5ms)[0m  [1m[32mINSERT INTO "users" ("name", "email", "password_digest", "created_at", "updated_at") VALUES ($1, $2, $3, $4, $5) RETURNING "id"[0m  [["name", "Isla Eve"], ["email", "ie@ga.co"], ["password_digest", "$2a$12$zMCHi66PHrGfQVFreE.HoO9iPAIHasM5kcE66B3v3cwdIr.Dghi0q"], ["created_at", "2019-07-01 05:16:47.462744"], ["updated_at", "2019-07-01 05:16:47.462744"]]
  ↳ db/seeds.rb:13
  [1m[35m (1.2ms)[0m  [1m[35mCOMMIT[0m
  ↳ db/seeds.rb:13
  [1m[35m (0.2ms)[0m  [1m[35mBEGIN[0m
  ↳ db/seeds.rb:14
  [1m[36mUser Create (0.3ms)[0m  [1m[32mINSERT INTO "users" ("name", "email", "password_digest", "created_at", "updated_at") VALUES ($1, $2, $3, $4, $5) RETURNING "id"[0m  [["name", "Tim Code"], ["email", "tc@ga.co"], ["password_digest", "$2a$12$DYyHsfXQPN592RvSbKlYYOOfRd0tlundviT4vGCCdFJuOkvX4xj5a"], ["created_at", "2019-07-01 05:16:47.715532"], ["updated_at", "2019-07-01 05:16:47.715532"]]
  ↳ db/seeds.rb:14
  [1m[35m (1.3ms)[0m  [1m[35mCOMMIT[0m
  ↳ db/seeds.rb:14
  [1m[35m (0.2ms)[0m  [1m[35mBEGIN[0m
  ↳ db/seeds.rb:15
  [1m[36mUser Create (0.4ms)[0m  [1m[32mINSERT INTO "users" ("name", "email", "password_digest", "created_at", "updated_at") VALUES ($1, $2, $3, $4, $5) RETURNING "id"[0m  [["name", "Sara Wu"], ["email", "sw@ga.co"], ["password_digest", "$2a$12$ukZu4qwIos77raevIzgece0x506qqPzoM39nbkko8DbV00JM2rbV2"], ["created_at", "2019-07-01 05:16:47.968576"], ["updated_at", "2019-07-01 05:16:47.968576"]]
  ↳ db/seeds.rb:15
  [1m[35m (1.2ms)[0m  [1m[35mCOMMIT[0m
  ↳ db/seeds.rb:15
  [1m[35m (0.2ms)[0m  [1m[35mBEGIN[0m
  ↳ db/seeds.rb:16
  [1m[36mUser Create (0.4ms)[0m  [1m[32mINSERT INTO "users" ("name", "email", "password_digest", "created_at", "updated_at") VALUES ($1, $2, $3, $4, $5) RETURNING "id"[0m  [["name", "Leonardo Costa"], ["email", "lc@ga.co"], ["password_digest", "$2a$12$OCG3ltCSOXAs96jIg926oOQCrZoTEaYo1Th672kqH6sgna35bJzyW"], ["created_at", "2019-07-01 05:16:48.219281"], ["updated_at", "2019-07-01 05:16:48.219281"]]
  ↳ db/seeds.rb:16
  [1m[35m (1.2ms)[0m  [1m[35mCOMMIT[0m
  ↳ db/seeds.rb:16
  [1m[36mUser Load (0.3ms)[0m  [1m[34mSELECT "users".* FROM "users"[0m
  ↳ db/seeds.rb:18
  [1m[36mSuburb Load (0.5ms)[0m  [1m[34mSELECT "suburbs".* FROM "suburbs"[0m
  ↳ db/seeds.rb:20
  [1m[35m (0.2ms)[0m  [1m[35mBEGIN[0m
  ↳ db/seeds.rb:20
  [1m[36mSuburb Destroy (0.4ms)[0m  [1m[31mDELETE FROM "suburbs" WHERE "suburbs"."id" = $1[0m  [["id", 1]]
  ↳ db/seeds.rb:20
  [1m[35m (40.5ms)[0m  [1m[35mCOMMIT[0m
  ↳ db/seeds.rb:20
  [1m[35m (0.2ms)[0m  [1m[35mBEGIN[0m
  ↳ db/seeds.rb:20
  [1m[36mSuburb Destroy (0.5ms)[0m  [1m[31mDELETE FROM "suburbs" WHERE "suburbs"."id" = $1[0m  [["id", 2]]
  ↳ db/seeds.rb:20
  [1m[35m (1.5ms)[0m  [1m[35mCOMMIT[0m
  ↳ db/seeds.rb:20
  [1m[35m (0.2ms)[0m  [1m[35mBEGIN[0m
  ↳ db/seeds.rb:20
  [1m[36mSuburb Destroy (0.5ms)[0m  [1m[31mDELETE FROM "suburbs" WHERE "suburbs"."id" = $1[0m  [["id", 3]]
  ↳ db/seeds.rb:20
  [1m[35m (0.3ms)[0m  [1m[35mCOMMIT[0m
  ↳ db/seeds.rb:20
  [1m[35m (0.2ms)[0m  [1m[35mBEGIN[0m
  ↳ db/seeds.rb:20
  [1m[36mSuburb Destroy (0.3ms)[0m  [1m[31mDELETE FROM "suburbs" WHERE "suburbs"."id" = $1[0m  [["id", 4]]
  ↳ db/seeds.rb:20
  [1m[35m (0.3ms)[0m  [1m[35mCOMMIT[0m
  ↳ db/seeds.rb:20
  [1m[35m (0.1ms)[0m  [1m[35mBEGIN[0m
  ↳ db/seeds.rb:20
  [1m[36mSuburb Destroy (0.3ms)[0m  [1m[31mDELETE FROM "suburbs" WHERE "suburbs"."id" = $1[0m  [["id", 5]]
  ↳ db/seeds.rb:20
  [1m[35m (0.3ms)[0m  [1m[35mCOMMIT[0m
  ↳ db/seeds.rb:20
  [1m[35m (0.1ms)[0m  [1m[35mBEGIN[0m
  ↳ db/seeds.rb:24
  [1m[36mSuburb Create (0.4ms)[0m  [1m[32mINSERT INTO "suburbs" ("name", "created_at", "updated_at") VALUES ($1, $2, $3) RETURNING "id"[0m  [["name", "Newtown"], ["created_at", "2019-07-01 05:16:48.298083"], ["updated_at", "2019-07-01 05:16:48.298083"]]
  ↳ db/seeds.rb:24
  [1m[35m (0.3ms)[0m  [1m[35mCOMMIT[0m
  ↳ db/seeds.rb:24
  [1m[35m (0.1ms)[0m  [1m[35mBEGIN[0m
  ↳ db/seeds.rb:25
  [1m[36mSuburb Create (0.4ms)[0m  [1m[32mINSERT INTO "suburbs" ("name", "created_at", "updated_at") VALUES ($1, $2, $3) RETURNING "id"[0m  [["name", "Enmore"], ["created_at", "2019-07-01 05:16:48.302167"], ["updated_at", "2019-07-01 05:16:48.302167"]]
  ↳ db/seeds.rb:25
  [1m[35m (0.2ms)[0m  [1m[35mCOMMIT[0m
  ↳ db/seeds.rb:25
  [1m[35m (0.1ms)[0m  [1m[35mBEGIN[0m
  ↳ db/seeds.rb:26
  [1m[36mSuburb Create (0.3ms)[0m  [1m[32mINSERT INTO "suburbs" ("name", "created_at", "updated_at") VALUES ($1, $2, $3) RETURNING "id"[0m  [["name", "Erskineville"], ["created_at", "2019-07-01 05:16:48.304321"], ["updated_at", "2019-07-01 05:16:48.304321"]]
  ↳ db/seeds.rb:26
  [1m[35m (0.3ms)[0m  [1m[35mCOMMIT[0m
  ↳ db/seeds.rb:26
  [1m[35m (0.1ms)[0m  [1m[35mBEGIN[0m
  ↳ db/seeds.rb:27
  [1m[36mSuburb Create (0.2ms)[0m  [1m[32mINSERT INTO "suburbs" ("name", "created_at", "updated_at") VALUES ($1, $2, $3) RETURNING "id"[0m  [["name", "Woolloomooloo"], ["created_at", "2019-07-01 05:16:48.305963"], ["updated_at", "2019-07-01 05:16:48.305963"]]
  ↳ db/seeds.rb:27
  [1m[35m (0.2ms)[0m  [1m[35mCOMMIT[0m
  ↳ db/seeds.rb:27
  [1m[35m (0.1ms)[0m  [1m[35mBEGIN[0m
  ↳ db/seeds.rb:28
  [1m[36mSuburb Create (0.3ms)[0m  [1m[32mINSERT INTO "suburbs" ("name", "created_at", "updated_at") VALUES ($1, $2, $3) RETURNING "id"[0m  [["name", "Potts Point"], ["created_at", "2019-07-01 05:16:48.309010"], ["updated_at", "2019-07-01 05:16:48.309010"]]
  ↳ db/seeds.rb:28
  [1m[35m (0.3ms)[0m  [1m[35mCOMMIT[0m
  ↳ db/seeds.rb:28
  [1m[36mSuburb Load (0.2ms)[0m  [1m[34mSELECT "suburbs".* FROM "suburbs"[0m
  ↳ db/seeds.rb:30
  [1m[35m (0.8ms)[0m  [1m[34mSELECT "schema_migrations"."version" FROM "schema_migrations" ORDER BY "schema_migrations"."version" ASC[0m
  ↳ /Users/amandachau/.rvm/rubies/ruby-2.6.3/lib/ruby/gems/2.6.0/gems/rake-12.3.2/lib/rake/task.rb:273
  [1m[36mUser Load (0.5ms)[0m  [1m[34mSELECT "users".* FROM "users"[0m
  ↳ db/seeds.rb:9
  [1m[35m (0.2ms)[0m  [1m[35mBEGIN[0m
  ↳ db/seeds.rb:9
  [1m[36mUser Destroy (0.5ms)[0m  [1m[31mDELETE FROM "users" WHERE "users"."id" = $1[0m  [["id", 9]]
  ↳ db/seeds.rb:9
  [1m[35m (39.6ms)[0m  [1m[35mCOMMIT[0m
  ↳ db/seeds.rb:9
  [1m[35m (0.2ms)[0m  [1m[35mBEGIN[0m
  ↳ db/seeds.rb:9
  [1m[36mUser Destroy (0.5ms)[0m  [1m[31mDELETE FROM "users" WHERE "users"."id" = $1[0m  [["id", 10]]
  ↳ db/seeds.rb:9
  [1m[35m (1.4ms)[0m  [1m[35mCOMMIT[0m
  ↳ db/seeds.rb:9
  [1m[35m (0.2ms)[0m  [1m[35mBEGIN[0m
  ↳ db/seeds.rb:9
  [1m[36mUser Destroy (0.4ms)[0m  [1m[31mDELETE FROM "users" WHERE "users"."id" = $1[0m  [["id", 11]]
  ↳ db/seeds.rb:9
  [1m[35m (0.4ms)[0m  [1m[35mCOMMIT[0m
  ↳ db/seeds.rb:9
  [1m[35m (0.1ms)[0m  [1m[35mBEGIN[0m
  ↳ db/seeds.rb:9
  [1m[36mUser Destroy (0.3ms)[0m  [1m[31mDELETE FROM "users" WHERE "users"."id" = $1[0m  [["id", 12]]
  ↳ db/seeds.rb:9
  [1m[35m (0.3ms)[0m  [1m[35mCOMMIT[0m
  ↳ db/seeds.rb:9
  [1m[35m (0.2ms)[0m  [1m[35mBEGIN[0m
  ↳ db/seeds.rb:13
  [1m[36mUser Create (0.5ms)[0m  [1m[32mINSERT INTO "users" ("name", "email", "password_digest", "created_at", "updated_at") VALUES ($1, $2, $3, $4, $5) RETURNING "id"[0m  [["name", "Isla Eve"], ["email", "ie@ga.co"], ["password_digest", "$2a$12$hCRVNQ0kiRqwDUx8j7Cz4ODkSppbux0yme43fo9wNoSYHpn1BdF1e"], ["created_at", "2019-07-01 05:19:16.830532"], ["updated_at", "2019-07-01 05:19:16.830532"]]
  ↳ db/seeds.rb:13
  [1m[35m (0.4ms)[0m  [1m[35mCOMMIT[0m
  ↳ db/seeds.rb:13
  [1m[35m (0.2ms)[0m  [1m[35mBEGIN[0m
  ↳ db/seeds.rb:14
  [1m[36mUser Create (0.4ms)[0m  [1m[32mINSERT INTO "users" ("name", "email", "password_digest", "created_at", "updated_at") VALUES ($1, $2, $3, $4, $5) RETURNING "id"[0m  [["name", "Tim Code"], ["email", "tc@ga.co"], ["password_digest", "$2a$12$FjFTc1I5D/2ORRGUc5jwCeq3W8U670KJSUn1DVO3XU0tBvTQeSYra"], ["created_at", "2019-07-01 05:19:17.084121"], ["updated_at", "2019-07-01 05:19:17.084121"]]
  ↳ db/seeds.rb:14
  [1m[35m (1.3ms)[0m  [1m[35mCOMMIT[0m
  ↳ db/seeds.rb:14
  [1m[35m (0.2ms)[0m  [1m[35mBEGIN[0m
  ↳ db/seeds.rb:15
  [1m[36mUser Create (0.4ms)[0m  [1m[32mINSERT INTO "users" ("name", "email", "password_digest", "created_at", "updated_at") VALUES ($1, $2, $3, $4, $5) RETURNING "id"[0m  [["name", "Sara Wu"], ["email", "sw@ga.co"], ["password_digest", "$2a$12$5GaYVI8Qcy0vgsMhDzHVCur5PoRiCkz4X/5u69BfSVE8Cm1giiF4m"], ["created_at", "2019-07-01 05:19:17.331192"], ["updated_at", "2019-07-01 05:19:17.331192"]]
  ↳ db/seeds.rb:15
  [1m[35m (1.2ms)[0m  [1m[35mCOMMIT[0m
  ↳ db/seeds.rb:15
  [1m[35m (0.2ms)[0m  [1m[35mBEGIN[0m
  ↳ db/seeds.rb:16
  [1m[36mUser Create (0.4ms)[0m  [1m[32mINSERT INTO "users" ("name", "email", "password_digest", "created_at", "updated_at") VALUES ($1, $2, $3, $4, $5) RETURNING "id"[0m  [["name", "Leonardo Costa"], ["email", "lc@ga.co"], ["password_digest", "$2a$12$V15.2KIyucGzT8pKw8FCl.us3ZQ7vDEWOjOh32UOt0tgXuBIZlgFu"], ["created_at", "2019-07-01 05:19:17.579417"], ["updated_at", "2019-07-01 05:19:17.579417"]]
  ↳ db/seeds.rb:16
  [1m[35m (1.3ms)[0m  [1m[35mCOMMIT[0m
  ↳ db/seeds.rb:16
  [1m[36mUser Load (0.3ms)[0m  [1m[34mSELECT "users".* FROM "users"[0m
  ↳ db/seeds.rb:18
  [1m[36mSuburb Load (0.6ms)[0m  [1m[34mSELECT "suburbs".* FROM "suburbs"[0m
  ↳ db/seeds.rb:20
  [1m[35m (0.2ms)[0m  [1m[35mBEGIN[0m
  ↳ db/seeds.rb:20
  [1m[36mSuburb Destroy (0.4ms)[0m  [1m[31mDELETE FROM "suburbs" WHERE "suburbs"."id" = $1[0m  [["id", 6]]
  ↳ db/seeds.rb:20
  [1m[35m (0.4ms)[0m  [1m[35mCOMMIT[0m
  ↳ db/seeds.rb:20
  [1m[35m (0.1ms)[0m  [1m[35mBEGIN[0m
  ↳ db/seeds.rb:20
  [1m[36mSuburb Destroy (0.5ms)[0m  [1m[31mDELETE FROM "suburbs" WHERE "suburbs"."id" = $1[0m  [["id", 7]]
  ↳ db/seeds.rb:20
  [1m[35m (0.5ms)[0m  [1m[35mCOMMIT[0m
  ↳ db/seeds.rb:20
  [1m[35m (0.2ms)[0m  [1m[35mBEGIN[0m
  ↳ db/seeds.rb:20
  [1m[36mSuburb Destroy (0.3ms)[0m  [1m[31mDELETE FROM "suburbs" WHERE "suburbs"."id" = $1[0m  [["id", 8]]
  ↳ db/seeds.rb:20
  [1m[35m (0.2ms)[0m  [1m[35mCOMMIT[0m
  ↳ db/seeds.rb:20
  [1m[35m (0.1ms)[0m  [1m[35mBEGIN[0m
  ↳ db/seeds.rb:20
  [1m[36mSuburb Destroy (0.3ms)[0m  [1m[31mDELETE FROM "suburbs" WHERE "suburbs"."id" = $1[0m  [["id", 9]]
  ↳ db/seeds.rb:20
  [1m[35m (0.2ms)[0m  [1m[35mCOMMIT[0m
  ↳ db/seeds.rb:20
  [1m[35m (0.1ms)[0m  [1m[35mBEGIN[0m
  ↳ db/seeds.rb:20
  [1m[36mSuburb Destroy (0.3ms)[0m  [1m[31mDELETE FROM "suburbs" WHERE "suburbs"."id" = $1[0m  [["id", 10]]
  ↳ db/seeds.rb:20
  [1m[35m (0.3ms)[0m  [1m[35mCOMMIT[0m
  ↳ db/seeds.rb:20
  [1m[35m (0.2ms)[0m  [1m[35mBEGIN[0m
  ↳ db/seeds.rb:24
  [1m[36mSuburb Create (0.4ms)[0m  [1m[32mINSERT INTO "suburbs" ("name", "created_at", "updated_at") VALUES ($1, $2, $3) RETURNING "id"[0m  [["name", "Newtown"], ["created_at", "2019-07-01 05:19:17.614155"], ["updated_at", "2019-07-01 05:19:17.614155"]]
  ↳ db/seeds.rb:24
  [1m[35m (0.3ms)[0m  [1m[35mCOMMIT[0m
  ↳ db/seeds.rb:24
  [1m[35m (0.1ms)[0m  [1m[35mBEGIN[0m
  ↳ db/seeds.rb:25
  [1m[36mSuburb Create (0.3ms)[0m  [1m[32mINSERT INTO "suburbs" ("name", "created_at", "updated_at") VALUES ($1, $2, $3) RETURNING "id"[0m  [["name", "Enmore"], ["created_at", "2019-07-01 05:19:17.616832"], ["updated_at", "2019-07-01 05:19:17.616832"]]
  ↳ db/seeds.rb:25
  [1m[35m (0.3ms)[0m  [1m[35mCOMMIT[0m
  ↳ db/seeds.rb:25
  [1m[35m (0.1ms)[0m  [1m[35mBEGIN[0m
  ↳ db/seeds.rb:26
  [1m[36mSuburb Create (0.3ms)[0m  [1m[32mINSERT INTO "suburbs" ("name", "created_at", "updated_at") VALUES ($1, $2, $3) RETURNING "id"[0m  [["name", "Erskineville"], ["created_at", "2019-07-01 05:19:17.619599"], ["updated_at", "2019-07-01 05:19:17.619599"]]
  ↳ db/seeds.rb:26
  [1m[35m (0.3ms)[0m  [1m[35mCOMMIT[0m
  ↳ db/seeds.rb:26
  [1m[35m (0.1ms)[0m  [1m[35mBEGIN[0m
  ↳ db/seeds.rb:27
  [1m[36mSuburb Create (0.2ms)[0m  [1m[32mINSERT INTO "suburbs" ("name", "created_at", "updated_at") VALUES ($1, $2, $3) RETURNING "id"[0m  [["name", "Woolloomooloo"], ["created_at", "2019-07-01 05:19:17.622333"], ["updated_at", "2019-07-01 05:19:17.622333"]]
  ↳ db/seeds.rb:27
  [1m[35m (0.3ms)[0m  [1m[35mCOMMIT[0m
  ↳ db/seeds.rb:27
  [1m[35m (0.1ms)[0m  [1m[35mBEGIN[0m
  ↳ db/seeds.rb:28
  [1m[36mSuburb Create (0.4ms)[0m  [1m[32mINSERT INTO "suburbs" ("name", "created_at", "updated_at") VALUES ($1, $2, $3) RETURNING "id"[0m  [["name", "Potts Point"], ["created_at", "2019-07-01 05:19:17.624767"], ["updated_at", "2019-07-01 05:19:17.624767"]]
  ↳ db/seeds.rb:28
  [1m[35m (0.3ms)[0m  [1m[35mCOMMIT[0m
  ↳ db/seeds.rb:28
  [1m[36mSuburb Load (0.3ms)[0m  [1m[34mSELECT "suburbs".* FROM "suburbs"[0m
  ↳ db/seeds.rb:30
  [1m[36mComment Load (0.8ms)[0m  [1m[34mSELECT "comments".* FROM "comments"[0m
  ↳ db/seeds.rb:32
  [1m[35m (0.2ms)[0m  [1m[35mBEGIN[0m
  ↳ db/seeds.rb:36
  [1m[36mComment Create (0.8ms)[0m  [1m[32mINSERT INTO "comments" ("comment", "user_id", "suburb_id", "created_at", "updated_at") VALUES ($1, $2, $3, $4, $5) RETURNING "id"[0m  [["comment", "Great vegan options"], ["user_id", 13], ["suburb_id", 11], ["created_at", "2019-07-01 05:19:17.662895"], ["updated_at", "2019-07-01 05:19:17.662895"]]
  ↳ db/seeds.rb:36
  [1m[35m (40.4ms)[0m  [1m[35mCOMMIT[0m
  ↳ db/seeds.rb:36
  [1m[35m (0.2ms)[0m  [1m[35mBEGIN[0m
  ↳ db/seeds.rb:37
  [1m[36mComment Create (0.6ms)[0m  [1m[32mINSERT INTO "comments" ("comment", "user_id", "suburb_id", "created_at", "updated_at") VALUES ($1, $2, $3, $4, $5) RETURNING "id"[0m  [["comment", "Quick walk to Newtown but quieter and cheaper"], ["user_id", 13], ["suburb_id", 13], ["created_at", "2019-07-01 05:19:17.707280"], ["updated_at", "2019-07-01 05:19:17.707280"]]
  ↳ db/seeds.rb:37
  [1m[35m (1.3ms)[0m  [1m[35mCOMMIT[0m
  ↳ db/seeds.rb:37
  [1m[35m (0.2ms)[0m  [1m[35mBEGIN[0m
  ↳ db/seeds.rb:38
  [1m[36mComment Create (0.5ms)[0m  [1m[32mINSERT INTO "comments" ("comment", "user_id", "suburb_id", "created_at", "updated_at") VALUES ($1, $2, $3, $4, $5) RETURNING "id"[0m  [["comment", "Lively nightlife"], ["user_id", 14], ["suburb_id", 11], ["created_at", "2019-07-01 05:19:17.712669"], ["updated_at", "2019-07-01 05:19:17.712669"]]
  ↳ db/seeds.rb:38
  [1m[35m (0.4ms)[0m  [1m[35mCOMMIT[0m
  ↳ db/seeds.rb:38
  [1m[35m (0.1ms)[0m  [1m[35mBEGIN[0m
  ↳ db/seeds.rb:39
  [1m[36mComment Create (0.3ms)[0m  [1m[32mINSERT INTO "comments" ("comment", "user_id", "suburb_id", "created_at", "updated_at") VALUES ($1, $2, $3, $4, $5) RETURNING "id"[0m  [["comment", "Lovely community gardens"], ["user_id", 15], ["suburb_id", 13], ["created_at", "2019-07-01 05:19:17.717035"], ["updated_at", "2019-07-01 05:19:17.717035"]]
  ↳ db/seeds.rb:39
  [1m[35m (0.2ms)[0m  [1m[35mCOMMIT[0m
  ↳ db/seeds.rb:39
  [1m[35m (0.1ms)[0m  [1m[35mBEGIN[0m
  ↳ db/seeds.rb:40
  [1m[36mComment Create (0.2ms)[0m  [1m[32mINSERT INTO "comments" ("comment", "user_id", "suburb_id", "created_at", "updated_at") VALUES ($1, $2, $3, $4, $5) RETURNING "id"[0m  [["comment", "Being able to park my yacht in infront my home, means that I get to spend more time on my yacht"], ["user_id", 15], ["suburb_id", 14], ["created_at", "2019-07-01 05:19:17.720033"], ["updated_at", "2019-07-01 05:19:17.720033"]]
  ↳ db/seeds.rb:40
  [1m[35m (0.2ms)[0m  [1m[35mCOMMIT[0m
  ↳ db/seeds.rb:40
  [1m[35m (0.1ms)[0m  [1m[35mBEGIN[0m
  ↳ db/seeds.rb:41
  [1m[36mComment Create (0.2ms)[0m  [1m[32mINSERT INTO "comments" ("comment", "user_id", "suburb_id", "created_at", "updated_at") VALUES ($1, $2, $3, $4, $5) RETURNING "id"[0m  [["comment", "Awesome nightlife and multicultural eateries"], ["user_id", 16], ["suburb_id", 15], ["created_at", "2019-07-01 05:19:17.722674"], ["updated_at", "2019-07-01 05:19:17.722674"]]
  ↳ db/seeds.rb:41
  [1m[35m (0.2ms)[0m  [1m[35mCOMMIT[0m
  ↳ db/seeds.rb:41
  [1m[36mComment Load (0.3ms)[0m  [1m[34mSELECT "comments".* FROM "comments"[0m
  ↳ db/seeds.rb:43
  [1m[36mUser Load (0.6ms)[0m  [1m[34mSELECT "users".* FROM "users"[0m
  [1m[36mSuburb Load (0.7ms)[0m  [1m[34mSELECT "suburbs".* FROM "suburbs"[0m
  [1m[36mComment Load (0.7ms)[0m  [1m[34mSELECT "comments".* FROM "comments"[0m
  [1m[36mComment Load (0.4ms)[0m  [1m[34mSELECT  "comments".* FROM "comments" ORDER BY "comments"."id" ASC LIMIT $1[0m  [["LIMIT", 1]]
  [1m[36mComment Load (0.9ms)[0m  [1m[34mSELECT  "comments".* FROM "comments" ORDER BY "comments"."id" ASC LIMIT $1[0m  [["LIMIT", 1]]
  [1m[36mSuburb Load (0.3ms)[0m  [1m[34mSELECT  "suburbs".* FROM "suburbs" WHERE "suburbs"."id" = $1 LIMIT $2[0m  [["id", 11], ["LIMIT", 1]]
  [1m[36mComment Load (0.5ms)[0m  [1m[34mSELECT  "comments".* FROM "comments" ORDER BY "comments"."id" ASC LIMIT $1[0m  [["LIMIT", 1]]
  [1m[36mSuburb Load (0.4ms)[0m  [1m[34mSELECT  "suburbs".* FROM "suburbs" WHERE "suburbs"."id" = $1 LIMIT $2[0m  [["id", 11], ["LIMIT", 1]]
  [1m[36mComment Load (0.5ms)[0m  [1m[34mSELECT  "comments".* FROM "comments" ORDER BY "comments"."id" ASC LIMIT $1[0m  [["LIMIT", 1]]
  [1m[36mUser Load (0.3ms)[0m  [1m[34mSELECT  "users".* FROM "users" WHERE "users"."id" = $1 LIMIT $2[0m  [["id", 13], ["LIMIT", 1]]
  [1m[36mComment Load (0.4ms)[0m  [1m[34mSELECT  "comments".* FROM "comments" ORDER BY "comments"."id" ASC LIMIT $1[0m  [["LIMIT", 1]]
  [1m[36mUser Load (0.3ms)[0m  [1m[34mSELECT  "users".* FROM "users" WHERE "users"."id" = $1 LIMIT $2[0m  [["id", 13], ["LIMIT", 1]]
  [1m[36mComment Load (0.3ms)[0m  [1m[34mSELECT "comments".* FROM "comments" WHERE "comments"."suburb_id" = $1[0m  [["suburb_id", 11]]
  [1m[35m (0.3ms)[0m  [1m[34mSELECT pg_try_advisory_lock(7281449958242353110)[0m
  ↳ /Users/amandachau/.rvm/rubies/ruby-2.6.3/lib/ruby/gems/2.6.0/gems/rake-12.3.2/lib/rake/task.rb:273
  [1m[35m (0.8ms)[0m  [1m[34mSELECT "schema_migrations"."version" FROM "schema_migrations" ORDER BY "schema_migrations"."version" ASC[0m
  ↳ /Users/amandachau/.rvm/rubies/ruby-2.6.3/lib/ruby/gems/2.6.0/gems/rake-12.3.2/lib/rake/task.rb:273
Migrating to AddDomainIdToListings (20190701053859)
  [1m[35m (0.2ms)[0m  [1m[35mBEGIN[0m
  ↳ /Users/amandachau/.rvm/rubies/ruby-2.6.3/lib/ruby/gems/2.6.0/gems/rake-12.3.2/lib/rake/task.rb:273
  [1m[35m (57.6ms)[0m  [1m[35mALTER TABLE "listings" ADD "domain_id" integer[0m
  ↳ db/migrate/20190701053859_add_domain_id_to_listings.rb:3
  [1m[36mActiveRecord::SchemaMigration Create (0.5ms)[0m  [1m[32mINSERT INTO "schema_migrations" ("version") VALUES ($1) RETURNING "version"[0m  [["version", "20190701053859"]]
  ↳ /Users/amandachau/.rvm/rubies/ruby-2.6.3/lib/ruby/gems/2.6.0/gems/rake-12.3.2/lib/rake/task.rb:273
  [1m[35m (0.4ms)[0m  [1m[35mCOMMIT[0m
  ↳ /Users/amandachau/.rvm/rubies/ruby-2.6.3/lib/ruby/gems/2.6.0/gems/rake-12.3.2/lib/rake/task.rb:273
  [1m[36mActiveRecord::InternalMetadata Load (0.5ms)[0m  [1m[34mSELECT  "ar_internal_metadata".* FROM "ar_internal_metadata" WHERE "ar_internal_metadata"."key" = $1 LIMIT $2[0m  [["key", "environment"], ["LIMIT", 1]]
  ↳ /Users/amandachau/.rvm/rubies/ruby-2.6.3/lib/ruby/gems/2.6.0/gems/rake-12.3.2/lib/rake/task.rb:273
  [1m[35m (0.3ms)[0m  [1m[35mBEGIN[0m
  ↳ /Users/amandachau/.rvm/rubies/ruby-2.6.3/lib/ruby/gems/2.6.0/gems/rake-12.3.2/lib/rake/task.rb:273
  [1m[35m (0.1ms)[0m  [1m[35mCOMMIT[0m
  ↳ /Users/amandachau/.rvm/rubies/ruby-2.6.3/lib/ruby/gems/2.6.0/gems/rake-12.3.2/lib/rake/task.rb:273
  [1m[35m (0.2ms)[0m  [1m[34mSELECT pg_advisory_unlock(7281449958242353110)[0m
  ↳ /Users/amandachau/.rvm/rubies/ruby-2.6.3/lib/ruby/gems/2.6.0/gems/rake-12.3.2/lib/rake/task.rb:273
  [1m[35m (0.2ms)[0m  [1m[34mSELECT "schema_migrations"."version" FROM "schema_migrations" ORDER BY "schema_migrations"."version" ASC[0m
  ↳ /Users/amandachau/.rvm/rubies/ruby-2.6.3/lib/ruby/gems/2.6.0/gems/rake-12.3.2/lib/rake/task.rb:273
  [1m[35m (53.4ms)[0m  [1m[34mSELECT "schema_migrations"."version" FROM "schema_migrations" ORDER BY "schema_migrations"."version" ASC[0m
  ↳ /Users/amandachau/.rvm/rubies/ruby-2.6.3/lib/ruby/gems/2.6.0/gems/rake-12.3.2/lib/rake/task.rb:273
  [1m[36mUser Load (0.8ms)[0m  [1m[34mSELECT "users".* FROM "users"[0m
  ↳ db/seeds.rb:9
  [1m[35m (0.2ms)[0m  [1m[35mBEGIN[0m
  ↳ db/seeds.rb:9
  [1m[36mUser Destroy (0.6ms)[0m  [1m[31mDELETE FROM "users" WHERE "users"."id" = $1[0m  [["id", 13]]
  ↳ db/seeds.rb:9
  [1m[35m (54.3ms)[0m  [1m[35mCOMMIT[0m
  ↳ db/seeds.rb:9
  [1m[35m (0.2ms)[0m  [1m[35mBEGIN[0m
  ↳ db/seeds.rb:9
  [1m[36mUser Destroy (0.5ms)[0m  [1m[31mDELETE FROM "users" WHERE "users"."id" = $1[0m  [["id", 14]]
  ↳ db/seeds.rb:9
  [1m[35m (1.5ms)[0m  [1m[35mCOMMIT[0m
  ↳ db/seeds.rb:9
  [1m[35m (0.2ms)[0m  [1m[35mBEGIN[0m
  ↳ db/seeds.rb:9
  [1m[36mUser Destroy (0.6ms)[0m  [1m[31mDELETE FROM "users" WHERE "users"."id" = $1[0m  [["id", 15]]
  ↳ db/seeds.rb:9
  [1m[35m (0.4ms)[0m  [1m[35mCOMMIT[0m
  ↳ db/seeds.rb:9
  [1m[35m (0.1ms)[0m  [1m[35mBEGIN[0m
  ↳ db/seeds.rb:9
  [1m[36mUser Destroy (0.3ms)[0m  [1m[31mDELETE FROM "users" WHERE "users"."id" = $1[0m  [["id", 16]]
  ↳ db/seeds.rb:9
  [1m[35m (0.3ms)[0m  [1m[35mCOMMIT[0m
  ↳ db/seeds.rb:9
  [1m[35m (0.2ms)[0m  [1m[35mBEGIN[0m
  ↳ db/seeds.rb:13
  [1m[36mUser Create (0.5ms)[0m  [1m[32mINSERT INTO "users" ("name", "email", "password_digest", "created_at", "updated_at") VALUES ($1, $2, $3, $4, $5) RETURNING "id"[0m  [["name", "Isla Eve"], ["email", "ie@ga.co"], ["password_digest", "$2a$12$Nyz4eTrtCCpWHDdccdjGxee0ZIlNNqqxBiPUBUP0YKitwJ7yjyNze"], ["created_at", "2019-07-01 06:03:39.811788"], ["updated_at", "2019-07-01 06:03:39.811788"]]
  ↳ db/seeds.rb:13
  [1m[35m (0.3ms)[0m  [1m[35mCOMMIT[0m
  ↳ db/seeds.rb:13
  [1m[35m (0.2ms)[0m  [1m[35mBEGIN[0m
  ↳ db/seeds.rb:14
  [1m[36mUser Create (0.4ms)[0m  [1m[32mINSERT INTO "users" ("name", "email", "password_digest", "created_at", "updated_at") VALUES ($1, $2, $3, $4, $5) RETURNING "id"[0m  [["name", "Tim Code"], ["email", "tc@ga.co"], ["password_digest", "$2a$12$Q01hoB6cqdthztgjuat5ougvt/SLLhxyIAw1/Pf5W59tBfd9dO0q2"], ["created_at", "2019-07-01 06:03:40.066885"], ["updated_at", "2019-07-01 06:03:40.066885"]]
  ↳ db/seeds.rb:14
  [1m[35m (1.4ms)[0m  [1m[35mCOMMIT[0m
  ↳ db/seeds.rb:14
  [1m[35m (0.2ms)[0m  [1m[35mBEGIN[0m
  ↳ db/seeds.rb:15
  [1m[36mUser Create (0.3ms)[0m  [1m[32mINSERT INTO "users" ("name", "email", "password_digest", "created_at", "updated_at") VALUES ($1, $2, $3, $4, $5) RETURNING "id"[0m  [["name", "Sara Wu"], ["email", "sw@ga.co"], ["password_digest", "$2a$12$B7KA6mkCCiLr/fOwXGOzpu4Nj0YFalIbTnknVwmDPvpT4ucWmHPrq"], ["created_at", "2019-07-01 06:03:40.316917"], ["updated_at", "2019-07-01 06:03:40.316917"]]
  ↳ db/seeds.rb:15
  [1m[35m (0.4ms)[0m  [1m[35mCOMMIT[0m
  ↳ db/seeds.rb:15
  [1m[35m (0.2ms)[0m  [1m[35mBEGIN[0m
  ↳ db/seeds.rb:16
  [1m[36mUser Create (0.4ms)[0m  [1m[32mINSERT INTO "users" ("name", "email", "password_digest", "created_at", "updated_at") VALUES ($1, $2, $3, $4, $5) RETURNING "id"[0m  [["name", "Leonardo Costa"], ["email", "lc@ga.co"], ["password_digest", "$2a$12$JO6NyufQSMHySHd4aDQEfuUBTk15da9vA.apJbwWFaV83luex.AfC"], ["created_at", "2019-07-01 06:03:40.567857"], ["updated_at", "2019-07-01 06:03:40.567857"]]
  ↳ db/seeds.rb:16
  [1m[35m (0.4ms)[0m  [1m[35mCOMMIT[0m
  ↳ db/seeds.rb:16
  [1m[36mUser Load (0.3ms)[0m  [1m[34mSELECT "users".* FROM "users"[0m
  ↳ db/seeds.rb:18
  [1m[36mSuburb Load (0.5ms)[0m  [1m[34mSELECT "suburbs".* FROM "suburbs"[0m
  ↳ db/seeds.rb:20
  [1m[35m (0.2ms)[0m  [1m[35mBEGIN[0m
  ↳ db/seeds.rb:20
  [1m[36mSuburb Destroy (0.4ms)[0m  [1m[31mDELETE FROM "suburbs" WHERE "suburbs"."id" = $1[0m  [["id", 11]]
  ↳ db/seeds.rb:20
  [1m[35m (40.5ms)[0m  [1m[35mCOMMIT[0m
  ↳ db/seeds.rb:20
  [1m[35m (0.2ms)[0m  [1m[35mBEGIN[0m
  ↳ db/seeds.rb:20
  [1m[36mSuburb Destroy (0.4ms)[0m  [1m[31mDELETE FROM "suburbs" WHERE "suburbs"."id" = $1[0m  [["id", 12]]
  ↳ db/seeds.rb:20
  [1m[35m (1.3ms)[0m  [1m[35mCOMMIT[0m
  ↳ db/seeds.rb:20
  [1m[35m (0.2ms)[0m  [1m[35mBEGIN[0m
  ↳ db/seeds.rb:20
  [1m[36mSuburb Destroy (0.4ms)[0m  [1m[31mDELETE FROM "suburbs" WHERE "suburbs"."id" = $1[0m  [["id", 13]]
  ↳ db/seeds.rb:20
  [1m[35m (0.4ms)[0m  [1m[35mCOMMIT[0m
  ↳ db/seeds.rb:20
  [1m[35m (0.1ms)[0m  [1m[35mBEGIN[0m
  ↳ db/seeds.rb:20
  [1m[36mSuburb Destroy (0.3ms)[0m  [1m[31mDELETE FROM "suburbs" WHERE "suburbs"."id" = $1[0m  [["id", 14]]
  ↳ db/seeds.rb:20
  [1m[35m (0.3ms)[0m  [1m[35mCOMMIT[0m
  ↳ db/seeds.rb:20
  [1m[35m (0.1ms)[0m  [1m[35mBEGIN[0m
  ↳ db/seeds.rb:20
  [1m[36mSuburb Destroy (0.3ms)[0m  [1m[31mDELETE FROM "suburbs" WHERE "suburbs"."id" = $1[0m  [["id", 15]]
  ↳ db/seeds.rb:20
  [1m[35m (0.3ms)[0m  [1m[35mCOMMIT[0m
  ↳ db/seeds.rb:20
  [1m[35m (0.2ms)[0m  [1m[35mBEGIN[0m
  ↳ db/seeds.rb:24
  [1m[36mSuburb Create (0.4ms)[0m  [1m[32mINSERT INTO "suburbs" ("name", "created_at", "updated_at") VALUES ($1, $2, $3) RETURNING "id"[0m  [["name", "Newtown"], ["created_at", "2019-07-01 06:03:40.644693"], ["updated_at", "2019-07-01 06:03:40.644693"]]
  ↳ db/seeds.rb:24
  [1m[35m (0.3ms)[0m  [1m[35mCOMMIT[0m
  ↳ db/seeds.rb:24
  [1m[35m (0.1ms)[0m  [1m[35mBEGIN[0m
  ↳ db/seeds.rb:25
  [1m[36mSuburb Create (0.3ms)[0m  [1m[32mINSERT INTO "suburbs" ("name", "created_at", "updated_at") VALUES ($1, $2, $3) RETURNING "id"[0m  [["name", "Enmore"], ["created_at", "2019-07-01 06:03:40.647664"], ["updated_at", "2019-07-01 06:03:40.647664"]]
  ↳ db/seeds.rb:25
  [1m[35m (0.2ms)[0m  [1m[35mCOMMIT[0m
  ↳ db/seeds.rb:25
  [1m[35m (0.1ms)[0m  [1m[35mBEGIN[0m
  ↳ db/seeds.rb:26
  [1m[36mSuburb Create (0.2ms)[0m  [1m[32mINSERT INTO "suburbs" ("name", "created_at", "updated_at") VALUES ($1, $2, $3) RETURNING "id"[0m  [["name", "Erskineville"], ["created_at", "2019-07-01 06:03:40.649418"], ["updated_at", "2019-07-01 06:03:40.649418"]]
  ↳ db/seeds.rb:26
  [1m[35m (0.3ms)[0m  [1m[35mCOMMIT[0m
  ↳ db/seeds.rb:26
  [1m[35m (0.1ms)[0m  [1m[35mBEGIN[0m
  ↳ db/seeds.rb:27
  [1m[36mSuburb Create (0.3ms)[0m  [1m[32mINSERT INTO "suburbs" ("name", "created_at", "updated_at") VALUES ($1, $2, $3) RETURNING "id"[0m  [["name", "Woolloomooloo"], ["created_at", "2019-07-01 06:03:40.651385"], ["updated_at", "2019-07-01 06:03:40.651385"]]
  ↳ db/seeds.rb:27
  [1m[35m (0.3ms)[0m  [1m[35mCOMMIT[0m
  ↳ db/seeds.rb:27
  [1m[35m (0.1ms)[0m  [1m[35mBEGIN[0m
  ↳ db/seeds.rb:28
  [1m[36mSuburb Create (0.3ms)[0m  [1m[32mINSERT INTO "suburbs" ("name", "created_at", "updated_at") VALUES ($1, $2, $3) RETURNING "id"[0m  [["name", "Potts Point"], ["created_at", "2019-07-01 06:03:40.653314"], ["updated_at", "2019-07-01 06:03:40.653314"]]
  ↳ db/seeds.rb:28
  [1m[35m (0.3ms)[0m  [1m[35mCOMMIT[0m
  ↳ db/seeds.rb:28
  [1m[36mSuburb Load (0.3ms)[0m  [1m[34mSELECT "suburbs".* FROM "suburbs"[0m
  ↳ db/seeds.rb:30
  [1m[36mComment Load (0.6ms)[0m  [1m[34mSELECT "comments".* FROM "comments"[0m
  ↳ db/seeds.rb:32
  [1m[35m (0.2ms)[0m  [1m[35mBEGIN[0m
  ↳ db/seeds.rb:32
  [1m[36mComment Destroy (1.1ms)[0m  [1m[31mDELETE FROM "comments" WHERE "comments"."id" = $1[0m  [["id", 1]]
  ↳ db/seeds.rb:32
  [1m[35m (91.0ms)[0m  [1m[35mCOMMIT[0m
  ↳ db/seeds.rb:32
  [1m[35m (0.2ms)[0m  [1m[35mBEGIN[0m
  ↳ db/seeds.rb:32
  [1m[36mComment Destroy (0.5ms)[0m  [1m[31mDELETE FROM "comments" WHERE "comments"."id" = $1[0m  [["id", 2]]
  ↳ db/seeds.rb:32
  [1m[35m (0.4ms)[0m  [1m[35mCOMMIT[0m
  ↳ db/seeds.rb:32
  [1m[35m (0.1ms)[0m  [1m[35mBEGIN[0m
  ↳ db/seeds.rb:32
  [1m[36mComment Destroy (0.3ms)[0m  [1m[31mDELETE FROM "comments" WHERE "comments"."id" = $1[0m  [["id", 3]]
  ↳ db/seeds.rb:32
  [1m[35m (0.3ms)[0m  [1m[35mCOMMIT[0m
  ↳ db/seeds.rb:32
  [1m[35m (0.1ms)[0m  [1m[35mBEGIN[0m
  ↳ db/seeds.rb:32
  [1m[36mComment Destroy (0.3ms)[0m  [1m[31mDELETE FROM "comments" WHERE "comments"."id" = $1[0m  [["id", 4]]
  ↳ db/seeds.rb:32
  [1m[35m (0.3ms)[0m  [1m[35mCOMMIT[0m
  ↳ db/seeds.rb:32
  [1m[35m (0.1ms)[0m  [1m[35mBEGIN[0m
  ↳ db/seeds.rb:32
  [1m[36mComment Destroy (0.3ms)[0m  [1m[31mDELETE FROM "comments" WHERE "comments"."id" = $1[0m  [["id", 5]]
  ↳ db/seeds.rb:32
  [1m[35m (0.3ms)[0m  [1m[35mCOMMIT[0m
  ↳ db/seeds.rb:32
  [1m[35m (0.1ms)[0m  [1m[35mBEGIN[0m
  ↳ db/seeds.rb:32
  [1m[36mComment Destroy (0.3ms)[0m  [1m[31mDELETE FROM "comments" WHERE "comments"."id" = $1[0m  [["id", 6]]
  ↳ db/seeds.rb:32
  [1m[35m (0.3ms)[0m  [1m[35mCOMMIT[0m
  ↳ db/seeds.rb:32
  [1m[35m (0.2ms)[0m  [1m[35mBEGIN[0m
  ↳ db/seeds.rb:36
  [1m[36mComment Create (0.5ms)[0m  [1m[32mINSERT INTO "comments" ("comment", "user_id", "suburb_id", "created_at", "updated_at") VALUES ($1, $2, $3, $4, $5) RETURNING "id"[0m  [["comment", "Great vegan options"], ["user_id", 17], ["suburb_id", 16], ["created_at", "2019-07-01 06:03:40.795153"], ["updated_at", "2019-07-01 06:03:40.795153"]]
  ↳ db/seeds.rb:36
  [1m[35m (17.4ms)[0m  [1m[35mCOMMIT[0m
  ↳ db/seeds.rb:36
  [1m[35m (0.2ms)[0m  [1m[35mBEGIN[0m
  ↳ db/seeds.rb:37
  [1m[36mComment Create (0.5ms)[0m  [1m[32mINSERT INTO "comments" ("comment", "user_id", "suburb_id", "created_at", "updated_at") VALUES ($1, $2, $3, $4, $5) RETURNING "id"[0m  [["comment", "Quick walk to Newtown but quieter and cheaper"], ["user_id", 17], ["suburb_id", 18], ["created_at", "2019-07-01 06:03:40.817254"], ["updated_at", "2019-07-01 06:03:40.817254"]]
  ↳ db/seeds.rb:37
  [1m[35m (0.3ms)[0m  [1m[35mCOMMIT[0m
  ↳ db/seeds.rb:37
  [1m[35m (0.1ms)[0m  [1m[35mBEGIN[0m
  ↳ db/seeds.rb:38
  [1m[36mComment Create (0.5ms)[0m  [1m[32mINSERT INTO "comments" ("comment", "user_id", "suburb_id", "created_at", "updated_at") VALUES ($1, $2, $3, $4, $5) RETURNING "id"[0m  [["comment", "Lively nightlife"], ["user_id", 18], ["suburb_id", 16], ["created_at", "2019-07-01 06:03:40.820733"], ["updated_at", "2019-07-01 06:03:40.820733"]]
  ↳ db/seeds.rb:38
  [1m[35m (0.3ms)[0m  [1m[35mCOMMIT[0m
  ↳ db/seeds.rb:38
  [1m[35m (0.1ms)[0m  [1m[35mBEGIN[0m
  ↳ db/seeds.rb:39
  [1m[36mComment Create (0.3ms)[0m  [1m[32mINSERT INTO "comments" ("comment", "user_id", "suburb_id", "created_at", "updated_at") VALUES ($1, $2, $3, $4, $5) RETURNING "id"[0m  [["comment", "Lovely community gardens. Would highly recommend for young families"], ["user_id", 19], ["suburb_id", 18], ["created_at", "2019-07-01 06:03:40.823938"], ["updated_at", "2019-07-01 06:03:40.823938"]]
  ↳ db/seeds.rb:39
  [1m[35m (0.3ms)[0m  [1m[35mCOMMIT[0m
  ↳ db/seeds.rb:39
  [1m[35m (0.1ms)[0m  [1m[35mBEGIN[0m
  ↳ db/seeds.rb:40
  [1m[36mComment Create (0.3ms)[0m  [1m[32mINSERT INTO "comments" ("comment", "user_id", "suburb_id", "created_at", "updated_at") VALUES ($1, $2, $3, $4, $5) RETURNING "id"[0m  [["comment", "Being able to park my yacht in infront my home, means that I get to spend more time on my yacht"], ["user_id", 19], ["suburb_id", 19], ["created_at", "2019-07-01 06:03:40.826746"], ["updated_at", "2019-07-01 06:03:40.826746"]]
  ↳ db/seeds.rb:40
  [1m[35m (0.3ms)[0m  [1m[35mCOMMIT[0m
  ↳ db/seeds.rb:40
  [1m[35m (0.1ms)[0m  [1m[35mBEGIN[0m
  ↳ db/seeds.rb:41
  [1m[36mComment Create (0.3ms)[0m  [1m[32mINSERT INTO "comments" ("comment", "user_id", "suburb_id", "created_at", "updated_at") VALUES ($1, $2, $3, $4, $5) RETURNING "id"[0m  [["comment", "Awesome nightlife and multicultural eateries"], ["user_id", 20], ["suburb_id", 20], ["created_at", "2019-07-01 06:03:40.828939"], ["updated_at", "2019-07-01 06:03:40.828939"]]
  ↳ db/seeds.rb:41
  [1m[35m (0.3ms)[0m  [1m[35mCOMMIT[0m
  ↳ db/seeds.rb:41
  [1m[36mComment Load (0.3ms)[0m  [1m[34mSELECT "comments".* FROM "comments"[0m
  ↳ db/seeds.rb:43
  [1m[36mListing Load (25.1ms)[0m  [1m[34mSELECT "listings".* FROM "listings"[0m
  ↳ db/seeds.rb:47
  [1m[35m (0.2ms)[0m  [1m[35mBEGIN[0m
  ↳ db/seeds.rb:49
  [1m[36mListing Create (1.2ms)[0m  [1m[32mINSERT INTO "listings" ("headline", "image", "address", "latitude", "longitude", "created_at", "updated_at", "domain_id") VALUES ($1, $2, $3, $4, $5, $6, $7, $8) RETURNING "id"[0m  [["headline", "Luxuriously large terrace promising remarkably tranquil Inner City living"], ["image", "https://bucket-api.domain.com.au/v1/bucket/image/2015397760_1_1_190625_021110-w4567-h3045"], ["address", "Terrace 7/157 St Johns Road, Glebe"], ["latitude", -33.88231], ["longitude", 151.18335], ["created_at", "2019-07-01 06:03:40.887377"], ["updated_at", "2019-07-01 06:03:40.887377"], ["domain_id", 2015397760]]
  ↳ db/seeds.rb:49
  [1m[35m (0.3ms)[0m  [1m[35mCOMMIT[0m
  ↳ db/seeds.rb:49
  [1m[35m (0.1ms)[0m  [1m[35mBEGIN[0m
  ↳ db/seeds.rb:51
  [1m[36mListing Create (0.3ms)[0m  [1m[32mINSERT INTO "listings" ("headline", "image", "address", "latitude", "longitude", "created_at", "updated_at", "domain_id") VALUES ($1, $2, $3, $4, $5, $6, $7, $8) RETURNING "id"[0m  [["headline", "Flawless executive design, extraordinary indoor and outdoor living"], ["image", "https://bucket-api.domain.com.au/v1/bucket/image/2015324886_1_1_190604_121715-w5189-h3890"], ["address", "96 Hereford Street, Glebe"], ["latitude", -33.8805351], ["longitude", 151.182358], ["created_at", "2019-07-01 06:03:40.890236"], ["updated_at", "2019-07-01 06:03:40.890236"], ["domain_id", 2015324886]]
  ↳ db/seeds.rb:51
  [1m[35m (0.3ms)[0m  [1m[35mCOMMIT[0m
  ↳ db/seeds.rb:51
  [1m[35m (0.1ms)[0m  [1m[35mBEGIN[0m
  ↳ db/seeds.rb:53
  [1m[36mListing Create (0.3ms)[0m  [1m[32mINSERT INTO "listings" ("headline", "image", "address", "latitude", "longitude", "created_at", "updated_at", "domain_id") VALUES ($1, $2, $3, $4, $5, $6, $7, $8) RETURNING "id"[0m  [["headline", "Two Dwellings, Double Income Opportunity"], ["image", "https://bucket-api.domain.com.au/v1/bucket/image/2015297723_2_pi_190522_062426-w1024-h683"], ["address", "287 Broadway, Glebe"], ["latitude", -33.8845177], ["longitude", 151.192062], ["created_at", "2019-07-01 06:03:40.891876"], ["updated_at", "2019-07-01 06:03:40.891876"], ["domain_id", 2015297723]]
  ↳ db/seeds.rb:53
  [1m[35m (0.3ms)[0m  [1m[35mCOMMIT[0m
  ↳ db/seeds.rb:53
  [1m[35m (0.1ms)[0m  [1m[35mBEGIN[0m
  ↳ db/seeds.rb:55
  [1m[36mListing Create (0.3ms)[0m  [1m[32mINSERT INTO "listings" ("headline", "image", "address", "latitude", "longitude", "created_at", "updated_at", "domain_id") VALUES ($1, $2, $3, $4, $5, $6, $7, $8) RETURNING "id"[0m  [["headline", "A CITYSIDE TREASURE WITH CAPTIVATING VIEWS"], ["image", "https://bucket-api.domain.com.au/v1/bucket/image/2015029918_1_1_190321_122835-w3000-h2000"], ["address", "29 Avona Avenue, Glebe"], ["latitude", -33.8744965], ["longitude", 151.18457], ["created_at", "2019-07-01 06:03:40.893471"], ["updated_at", "2019-07-01 06:03:40.893471"], ["domain_id", 2015029918]]
  ↳ db/seeds.rb:55
  [1m[35m (0.3ms)[0m  [1m[35mCOMMIT[0m
  ↳ db/seeds.rb:55
  [1m[35m (0.1ms)[0m  [1m[35mBEGIN[0m
  ↳ db/seeds.rb:57
  [1m[36mListing Create (0.3ms)[0m  [1m[32mINSERT INTO "listings" ("headline", "image", "address", "latitude", "longitude", "created_at", "updated_at", "domain_id") VALUES ($1, $2, $3, $4, $5, $6, $7, $8) RETURNING "id"[0m  [["headline", "Modern Architectural Terrace Home In Best Location, Close to Everything You Need"], ["image", "https://bucket-api.domain.com.au/v1/bucket/image/2014551371_16_pi_180810_075553-w2400-h1601"], ["address", "T24 Wentworth Street, Glebe"], ["latitude", -33.8797646], ["longitude", 151.192871], ["created_at", "2019-07-01 06:03:40.895018"], ["updated_at", "2019-07-01 06:03:40.895018"], ["domain_id", 2014551371]]
  ↳ db/seeds.rb:57
  [1m[35m (0.3ms)[0m  [1m[35mCOMMIT[0m
  ↳ db/seeds.rb:57
  [1m[36mListing Load (0.3ms)[0m  [1m[34mSELECT "listings".* FROM "listings"[0m
  ↳ db/seeds.rb:59
  [1m[35m (42.6ms)[0m  [1m[34mSELECT "schema_migrations"."version" FROM "schema_migrations" ORDER BY "schema_migrations"."version" ASC[0m
  ↳ /Users/amandachau/.rvm/rubies/ruby-2.6.3/lib/ruby/gems/2.6.0/gems/rake-12.3.2/lib/rake/task.rb:273
  [1m[36mUser Load (0.6ms)[0m  [1m[34mSELECT "users".* FROM "users"[0m
  ↳ db/seeds.rb:9
  [1m[35m (0.2ms)[0m  [1m[35mBEGIN[0m
  ↳ db/seeds.rb:9
  [1m[36mUser::HABTM_Listings Destroy (42.3ms)[0m  [1m[31mDELETE FROM "listings_users" WHERE "listings_users"."user_id" = $1[0m  [["user_id", 17]]
  ↳ db/seeds.rb:9
  [1m[36mUser Destroy (0.7ms)[0m  [1m[31mDELETE FROM "users" WHERE "users"."id" = $1[0m  [["id", 17]]
  ↳ db/seeds.rb:9
  [1m[35m (31.8ms)[0m  [1m[35mCOMMIT[0m
  ↳ db/seeds.rb:9
  [1m[35m (0.2ms)[0m  [1m[35mBEGIN[0m
  ↳ db/seeds.rb:9
  [1m[36mUser::HABTM_Listings Destroy (0.5ms)[0m  [1m[31mDELETE FROM "listings_users" WHERE "listings_users"."user_id" = $1[0m  [["user_id", 18]]
  ↳ db/seeds.rb:9
  [1m[36mUser Destroy (0.4ms)[0m  [1m[31mDELETE FROM "users" WHERE "users"."id" = $1[0m  [["id", 18]]
  ↳ db/seeds.rb:9
  [1m[35m (0.3ms)[0m  [1m[35mCOMMIT[0m
  ↳ db/seeds.rb:9
  [1m[35m (0.5ms)[0m  [1m[35mBEGIN[0m
  ↳ db/seeds.rb:9
  [1m[36mUser::HABTM_Listings Destroy (0.3ms)[0m  [1m[31mDELETE FROM "listings_users" WHERE "listings_users"."user_id" = $1[0m  [["user_id", 19]]
  ↳ db/seeds.rb:9
  [1m[36mUser Destroy (0.3ms)[0m  [1m[31mDELETE FROM "users" WHERE "users"."id" = $1[0m  [["id", 19]]
  ↳ db/seeds.rb:9
  [1m[35m (0.3ms)[0m  [1m[35mCOMMIT[0m
  ↳ db/seeds.rb:9
  [1m[35m (0.1ms)[0m  [1m[35mBEGIN[0m
  ↳ db/seeds.rb:9
  [1m[36mUser::HABTM_Listings Destroy (0.3ms)[0m  [1m[31mDELETE FROM "listings_users" WHERE "listings_users"."user_id" = $1[0m  [["user_id", 20]]
  ↳ db/seeds.rb:9
  [1m[36mUser Destroy (0.3ms)[0m  [1m[31mDELETE FROM "users" WHERE "users"."id" = $1[0m  [["id", 20]]
  ↳ db/seeds.rb:9
  [1m[35m (0.2ms)[0m  [1m[35mCOMMIT[0m
  ↳ db/seeds.rb:9
  [1m[35m (0.2ms)[0m  [1m[35mBEGIN[0m
  ↳ db/seeds.rb:13
  [1m[36mUser Create (0.5ms)[0m  [1m[32mINSERT INTO "users" ("name", "email", "password_digest", "created_at", "updated_at") VALUES ($1, $2, $3, $4, $5) RETURNING "id"[0m  [["name", "Isla Eve"], ["email", "ie@ga.co"], ["password_digest", "$2a$12$Qc8nl1oeDK1WzJIb8uGnFulswiXNcDY/UrBaO50ORdb.vpcUBtqg6"], ["created_at", "2019-07-01 06:24:20.333013"], ["updated_at", "2019-07-01 06:24:20.333013"]]
  ↳ db/seeds.rb:13
  [1m[35m (0.3ms)[0m  [1m[35mCOMMIT[0m
  ↳ db/seeds.rb:13
  [1m[35m (0.2ms)[0m  [1m[35mBEGIN[0m
  ↳ db/seeds.rb:14
  [1m[36mUser Create (0.3ms)[0m  [1m[32mINSERT INTO "users" ("name", "email", "password_digest", "created_at", "updated_at") VALUES ($1, $2, $3, $4, $5) RETURNING "id"[0m  [["name", "Tim Code"], ["email", "tc@ga.co"], ["password_digest", "$2a$12$y6Qr8x6z4AShSEnMZw3kYuidpylMw.CNJl8V.WWi1g6/kXuTv9aY."], ["created_at", "2019-07-01 06:24:20.581203"], ["updated_at", "2019-07-01 06:24:20.581203"]]
  ↳ db/seeds.rb:14
  [1m[35m (32.8ms)[0m  [1m[35mCOMMIT[0m
  ↳ db/seeds.rb:14
  [1m[35m (0.2ms)[0m  [1m[35mBEGIN[0m
  ↳ db/seeds.rb:15
  [1m[36mUser Create (0.4ms)[0m  [1m[32mINSERT INTO "users" ("name", "email", "password_digest", "created_at", "updated_at") VALUES ($1, $2, $3, $4, $5) RETURNING "id"[0m  [["name", "Sara Wu"], ["email", "sw@ga.co"], ["password_digest", "$2a$12$ZBquLgQ.qJvraFdlxBmiZOKz8ypKtq.qIZotnKeIs8lTDXLrKQBSK"], ["created_at", "2019-07-01 06:24:20.869648"], ["updated_at", "2019-07-01 06:24:20.869648"]]
  ↳ db/seeds.rb:15
  [1m[35m (0.4ms)[0m  [1m[35mCOMMIT[0m
  ↳ db/seeds.rb:15
  [1m[35m (0.2ms)[0m  [1m[35mBEGIN[0m
  ↳ db/seeds.rb:16
  [1m[36mUser Create (0.3ms)[0m  [1m[32mINSERT INTO "users" ("name", "email", "password_digest", "created_at", "updated_at") VALUES ($1, $2, $3, $4, $5) RETURNING "id"[0m  [["name", "Leonardo Costa"], ["email", "lc@ga.co"], ["password_digest", "$2a$12$hKdAX54pYVp1DNlWrcjswO/LgyryW2hadIHYAfEhTZYhH3hwOxtfi"], ["created_at", "2019-07-01 06:24:21.119177"], ["updated_at", "2019-07-01 06:24:21.119177"]]
  ↳ db/seeds.rb:16
  [1m[35m (0.3ms)[0m  [1m[35mCOMMIT[0m
  ↳ db/seeds.rb:16
  [1m[36mUser Load (0.3ms)[0m  [1m[34mSELECT "users".* FROM "users"[0m
  ↳ db/seeds.rb:18
  [1m[36mSuburb Load (0.6ms)[0m  [1m[34mSELECT "suburbs".* FROM "suburbs"[0m
  ↳ db/seeds.rb:20
  [1m[35m (0.1ms)[0m  [1m[35mBEGIN[0m
  ↳ db/seeds.rb:20
  [1m[36mSuburb Destroy (0.3ms)[0m  [1m[31mDELETE FROM "suburbs" WHERE "suburbs"."id" = $1[0m  [["id", 16]]
  ↳ db/seeds.rb:20
  [1m[35m (40.7ms)[0m  [1m[35mCOMMIT[0m
  ↳ db/seeds.rb:20
  [1m[35m (0.2ms)[0m  [1m[35mBEGIN[0m
  ↳ db/seeds.rb:20
  [1m[36mSuburb Destroy (0.5ms)[0m  [1m[31mDELETE FROM "suburbs" WHERE "suburbs"."id" = $1[0m  [["id", 17]]
  ↳ db/seeds.rb:20
  [1m[35m (0.5ms)[0m  [1m[35mCOMMIT[0m
  ↳ db/seeds.rb:20
  [1m[35m (0.2ms)[0m  [1m[35mBEGIN[0m
  ↳ db/seeds.rb:20
  [1m[36mSuburb Destroy (0.4ms)[0m  [1m[31mDELETE FROM "suburbs" WHERE "suburbs"."id" = $1[0m  [["id", 18]]
  ↳ db/seeds.rb:20
  [1m[35m (0.3ms)[0m  [1m[35mCOMMIT[0m
  ↳ db/seeds.rb:20
  [1m[35m (0.1ms)[0m  [1m[35mBEGIN[0m
  ↳ db/seeds.rb:20
  [1m[36mSuburb Destroy (0.3ms)[0m  [1m[31mDELETE FROM "suburbs" WHERE "suburbs"."id" = $1[0m  [["id", 19]]
  ↳ db/seeds.rb:20
  [1m[35m (0.3ms)[0m  [1m[35mCOMMIT[0m
  ↳ db/seeds.rb:20
  [1m[35m (0.1ms)[0m  [1m[35mBEGIN[0m
  ↳ db/seeds.rb:20
  [1m[36mSuburb Destroy (0.3ms)[0m  [1m[31mDELETE FROM "suburbs" WHERE "suburbs"."id" = $1[0m  [["id", 20]]
  ↳ db/seeds.rb:20
  [1m[35m (0.3ms)[0m  [1m[35mCOMMIT[0m
  ↳ db/seeds.rb:20
  [1m[35m (0.1ms)[0m  [1m[35mBEGIN[0m
  ↳ db/seeds.rb:24
  [1m[36mSuburb Create (0.4ms)[0m  [1m[32mINSERT INTO "suburbs" ("name", "created_at", "updated_at") VALUES ($1, $2, $3) RETURNING "id"[0m  [["name", "Newtown"], ["created_at", "2019-07-01 06:24:21.193252"], ["updated_at", "2019-07-01 06:24:21.193252"]]
  ↳ db/seeds.rb:24
  [1m[35m (0.3ms)[0m  [1m[35mCOMMIT[0m
  ↳ db/seeds.rb:24
  [1m[35m (0.1ms)[0m  [1m[35mBEGIN[0m
  ↳ db/seeds.rb:25
  [1m[36mSuburb Create (0.3ms)[0m  [1m[32mINSERT INTO "suburbs" ("name", "created_at", "updated_at") VALUES ($1, $2, $3) RETURNING "id"[0m  [["name", "Enmore"], ["created_at", "2019-07-01 06:24:21.196197"], ["updated_at", "2019-07-01 06:24:21.196197"]]
  ↳ db/seeds.rb:25
  [1m[35m (0.3ms)[0m  [1m[35mCOMMIT[0m
  ↳ db/seeds.rb:25
  [1m[35m (0.1ms)[0m  [1m[35mBEGIN[0m
  ↳ db/seeds.rb:26
  [1m[36mSuburb Create (0.3ms)[0m  [1m[32mINSERT INTO "suburbs" ("name", "created_at", "updated_at") VALUES ($1, $2, $3) RETURNING "id"[0m  [["name", "Erskineville"], ["created_at", "2019-07-01 06:24:21.198810"], ["updated_at", "2019-07-01 06:24:21.198810"]]
  ↳ db/seeds.rb:26
  [1m[35m (0.2ms)[0m  [1m[35mCOMMIT[0m
  ↳ db/seeds.rb:26
  [1m[35m (0.1ms)[0m  [1m[35mBEGIN[0m
  ↳ db/seeds.rb:27
  [1m[36mSuburb Create (0.3ms)[0m  [1m[32mINSERT INTO "suburbs" ("name", "created_at", "updated_at") VALUES ($1, $2, $3) RETURNING "id"[0m  [["name", "Woolloomooloo"], ["created_at", "2019-07-01 06:24:21.201268"], ["updated_at", "2019-07-01 06:24:21.201268"]]
  ↳ db/seeds.rb:27
  [1m[35m (0.3ms)[0m  [1m[35mCOMMIT[0m
  ↳ db/seeds.rb:27
  [1m[35m (0.1ms)[0m  [1m[35mBEGIN[0m
  ↳ db/seeds.rb:28
  [1m[36mSuburb Create (0.3ms)[0m  [1m[32mINSERT INTO "suburbs" ("name", "created_at", "updated_at") VALUES ($1, $2, $3) RETURNING "id"[0m  [["name", "Potts Point"], ["created_at", "2019-07-01 06:24:21.203523"], ["updated_at", "2019-07-01 06:24:21.203523"]]
  ↳ db/seeds.rb:28
  [1m[35m (0.3ms)[0m  [1m[35mCOMMIT[0m
  ↳ db/seeds.rb:28
  [1m[36mSuburb Load (0.3ms)[0m  [1m[34mSELECT "suburbs".* FROM "suburbs"[0m
  ↳ db/seeds.rb:30
  [1m[36mComment Load (0.7ms)[0m  [1m[34mSELECT "comments".* FROM "comments"[0m
  ↳ db/seeds.rb:32
  [1m[35m (0.2ms)[0m  [1m[35mBEGIN[0m
  ↳ db/seeds.rb:32
  [1m[36mComment Destroy (0.4ms)[0m  [1m[31mDELETE FROM "comments" WHERE "comments"."id" = $1[0m  [["id", 7]]
  ↳ db/seeds.rb:32
  [1m[35m (0.4ms)[0m  [1m[35mCOMMIT[0m
  ↳ db/seeds.rb:32
  [1m[35m (0.1ms)[0m  [1m[35mBEGIN[0m
  ↳ db/seeds.rb:32
  [1m[36mComment Destroy (0.3ms)[0m  [1m[31mDELETE FROM "comments" WHERE "comments"."id" = $1[0m  [["id", 8]]
  ↳ db/seeds.rb:32
  [1m[35m (0.3ms)[0m  [1m[35mCOMMIT[0m
  ↳ db/seeds.rb:32
  [1m[35m (0.1ms)[0m  [1m[35mBEGIN[0m
  ↳ db/seeds.rb:32
  [1m[36mComment Destroy (0.2ms)[0m  [1m[31mDELETE FROM "comments" WHERE "comments"."id" = $1[0m  [["id", 9]]
  ↳ db/seeds.rb:32
  [1m[35m (0.2ms)[0m  [1m[35mCOMMIT[0m
  ↳ db/seeds.rb:32
  [1m[35m (0.1ms)[0m  [1m[35mBEGIN[0m
  ↳ db/seeds.rb:32
  [1m[36mComment Destroy (0.3ms)[0m  [1m[31mDELETE FROM "comments" WHERE "comments"."id" = $1[0m  [["id", 10]]
  ↳ db/seeds.rb:32
  [1m[35m (0.3ms)[0m  [1m[35mCOMMIT[0m
  ↳ db/seeds.rb:32
  [1m[35m (0.1ms)[0m  [1m[35mBEGIN[0m
  ↳ db/seeds.rb:32
  [1m[36mComment Destroy (0.3ms)[0m  [1m[31mDELETE FROM "comments" WHERE "comments"."id" = $1[0m  [["id", 11]]
  ↳ db/seeds.rb:32
  [1m[35m (0.3ms)[0m  [1m[35mCOMMIT[0m
  ↳ db/seeds.rb:32
  [1m[35m (0.1ms)[0m  [1m[35mBEGIN[0m
  ↳ db/seeds.rb:32
  [1m[36mComment Destroy (0.2ms)[0m  [1m[31mDELETE FROM "comments" WHERE "comments"."id" = $1[0m  [["id", 12]]
  ↳ db/seeds.rb:32
  [1m[35m (0.3ms)[0m  [1m[35mCOMMIT[0m
  ↳ db/seeds.rb:32
  [1m[35m (0.1ms)[0m  [1m[35mBEGIN[0m
  ↳ db/seeds.rb:36
  [1m[36mComment Create (0.4ms)[0m  [1m[32mINSERT INTO "comments" ("comment", "user_id", "suburb_id", "created_at", "updated_at") VALUES ($1, $2, $3, $4, $5) RETURNING "id"[0m  [["comment", "Great vegan options"], ["user_id", 21], ["suburb_id", 21], ["created_at", "2019-07-01 06:24:21.247807"], ["updated_at", "2019-07-01 06:24:21.247807"]]
  ↳ db/seeds.rb:36
  [1m[35m (39.6ms)[0m  [1m[35mCOMMIT[0m
  ↳ db/seeds.rb:36
  [1m[35m (0.3ms)[0m  [1m[35mBEGIN[0m
  ↳ db/seeds.rb:37
  [1m[36mComment Create (0.6ms)[0m  [1m[32mINSERT INTO "comments" ("comment", "user_id", "suburb_id", "created_at", "updated_at") VALUES ($1, $2, $3, $4, $5) RETURNING "id"[0m  [["comment", "Quick walk to Newtown but quieter and cheaper"], ["user_id", 21], ["suburb_id", 23], ["created_at", "2019-07-01 06:24:21.290050"], ["updated_at", "2019-07-01 06:24:21.290050"]]
  ↳ db/seeds.rb:37
  [1m[35m (0.4ms)[0m  [1m[35mCOMMIT[0m
  ↳ db/seeds.rb:37
  [1m[35m (0.1ms)[0m  [1m[35mBEGIN[0m
  ↳ db/seeds.rb:38
  [1m[36mComment Create (0.4ms)[0m  [1m[32mINSERT INTO "comments" ("comment", "user_id", "suburb_id", "created_at", "updated_at") VALUES ($1, $2, $3, $4, $5) RETURNING "id"[0m  [["comment", "Lively nightlife"], ["user_id", 22], ["suburb_id", 21], ["created_at", "2019-07-01 06:24:21.292963"], ["updated_at", "2019-07-01 06:24:21.292963"]]
  ↳ db/seeds.rb:38
  [1m[35m (0.3ms)[0m  [1m[35mCOMMIT[0m
  ↳ db/seeds.rb:38
  [1m[35m (0.1ms)[0m  [1m[35mBEGIN[0m
  ↳ db/seeds.rb:39
  [1m[36mComment Create (0.3ms)[0m  [1m[32mINSERT INTO "comments" ("comment", "user_id", "suburb_id", "created_at", "updated_at") VALUES ($1, $2, $3, $4, $5) RETURNING "id"[0m  [["comment", "Lovely community gardens. Would highly recommend for young families"], ["user_id", 23], ["suburb_id", 23], ["created_at", "2019-07-01 06:24:21.295150"], ["updated_at", "2019-07-01 06:24:21.295150"]]
  ↳ db/seeds.rb:39
  [1m[35m (0.3ms)[0m  [1m[35mCOMMIT[0m
  ↳ db/seeds.rb:39
  [1m[35m (0.1ms)[0m  [1m[35mBEGIN[0m
  ↳ db/seeds.rb:40
  [1m[36mComment Create (0.3ms)[0m  [1m[32mINSERT INTO "comments" ("comment", "user_id", "suburb_id", "created_at", "updated_at") VALUES ($1, $2, $3, $4, $5) RETURNING "id"[0m  [["comment", "Being able to park my yacht in infront my home, means that I get to spend more time on my yacht"], ["user_id", 23], ["suburb_id", 24], ["created_at", "2019-07-01 06:24:21.297167"], ["updated_at", "2019-07-01 06:24:21.297167"]]
  ↳ db/seeds.rb:40
  [1m[35m (0.3ms)[0m  [1m[35mCOMMIT[0m
  ↳ db/seeds.rb:40
  [1m[35m (0.1ms)[0m  [1m[35mBEGIN[0m
  ↳ db/seeds.rb:41
  [1m[36mComment Create (0.3ms)[0m  [1m[32mINSERT INTO "comments" ("comment", "user_id", "suburb_id", "created_at", "updated_at") VALUES ($1, $2, $3, $4, $5) RETURNING "id"[0m  [["comment", "Awesome nightlife and multicultural eateries"], ["user_id", 24], ["suburb_id", 25], ["created_at", "2019-07-01 06:24:21.298973"], ["updated_at", "2019-07-01 06:24:21.298973"]]
  ↳ db/seeds.rb:41
  [1m[35m (0.2ms)[0m  [1m[35mCOMMIT[0m
  ↳ db/seeds.rb:41
  [1m[36mComment Load (0.3ms)[0m  [1m[34mSELECT "comments".* FROM "comments"[0m
  ↳ db/seeds.rb:43
  [1m[36mListing Load (0.6ms)[0m  [1m[34mSELECT "listings".* FROM "listings"[0m
  ↳ db/seeds.rb:47
  [1m[35m (0.2ms)[0m  [1m[35mBEGIN[0m
  ↳ db/seeds.rb:47
  [1m[36mListing::HABTM_Users Destroy (0.4ms)[0m  [1m[31mDELETE FROM "listings_users" WHERE "listings_users"."listing_id" = $1[0m  [["listing_id", 1]]
  ↳ db/seeds.rb:47
  [1m[36mListing Destroy (0.3ms)[0m  [1m[31mDELETE FROM "listings" WHERE "listings"."id" = $1[0m  [["id", 1]]
  ↳ db/seeds.rb:47
  [1m[35m (0.3ms)[0m  [1m[35mCOMMIT[0m
  ↳ db/seeds.rb:47
  [1m[35m (0.1ms)[0m  [1m[35mBEGIN[0m
  ↳ db/seeds.rb:47
  [1m[36mListing::HABTM_Users Destroy (0.2ms)[0m  [1m[31mDELETE FROM "listings_users" WHERE "listings_users"."listing_id" = $1[0m  [["listing_id", 2]]
  ↳ db/seeds.rb:47
  [1m[36mListing Destroy (0.2ms)[0m  [1m[31mDELETE FROM "listings" WHERE "listings"."id" = $1[0m  [["id", 2]]
  ↳ db/seeds.rb:47
  [1m[35m (0.2ms)[0m  [1m[35mCOMMIT[0m
  ↳ db/seeds.rb:47
  [1m[35m (0.1ms)[0m  [1m[35mBEGIN[0m
  ↳ db/seeds.rb:47
  [1m[36mListing::HABTM_Users Destroy (0.2ms)[0m  [1m[31mDELETE FROM "listings_users" WHERE "listings_users"."listing_id" = $1[0m  [["listing_id", 3]]
  ↳ db/seeds.rb:47
  [1m[36mListing Destroy (0.2ms)[0m  [1m[31mDELETE FROM "listings" WHERE "listings"."id" = $1[0m  [["id", 3]]
  ↳ db/seeds.rb:47
  [1m[35m (0.3ms)[0m  [1m[35mCOMMIT[0m
  ↳ db/seeds.rb:47
  [1m[35m (0.1ms)[0m  [1m[35mBEGIN[0m
  ↳ db/seeds.rb:47
  [1m[36mListing::HABTM_Users Destroy (0.2ms)[0m  [1m[31mDELETE FROM "listings_users" WHERE "listings_users"."listing_id" = $1[0m  [["listing_id", 4]]
  ↳ db/seeds.rb:47
  [1m[36mListing Destroy (0.2ms)[0m  [1m[31mDELETE FROM "listings" WHERE "listings"."id" = $1[0m  [["id", 4]]
  ↳ db/seeds.rb:47
  [1m[35m (0.3ms)[0m  [1m[35mCOMMIT[0m
  ↳ db/seeds.rb:47
  [1m[35m (0.1ms)[0m  [1m[35mBEGIN[0m
  ↳ db/seeds.rb:47
  [1m[36mListing::HABTM_Users Destroy (0.2ms)[0m  [1m[31mDELETE FROM "listings_users" WHERE "listings_users"."listing_id" = $1[0m  [["listing_id", 5]]
  ↳ db/seeds.rb:47
  [1m[36mListing Destroy (0.3ms)[0m  [1m[31mDELETE FROM "listings" WHERE "listings"."id" = $1[0m  [["id", 5]]
  ↳ db/seeds.rb:47
  [1m[35m (0.2ms)[0m  [1m[35mCOMMIT[0m
  ↳ db/seeds.rb:47
  [1m[35m (0.1ms)[0m  [1m[35mBEGIN[0m
  ↳ db/seeds.rb:49
  [1m[36mListing Create (0.4ms)[0m  [1m[32mINSERT INTO "listings" ("headline", "image", "address", "latitude", "longitude", "created_at", "updated_at", "domain_id") VALUES ($1, $2, $3, $4, $5, $6, $7, $8) RETURNING "id"[0m  [["headline", "Luxuriously large terrace promising remarkably tranquil Inner City living"], ["image", "https://bucket-api.domain.com.au/v1/bucket/image/2015397760_1_1_190625_021110-w4567-h3045"], ["address", "Terrace 7/157 St Johns Road, Glebe"], ["latitude", -33.88231], ["longitude", 151.18335], ["created_at", "2019-07-01 06:24:21.326962"], ["updated_at", "2019-07-01 06:24:21.326962"], ["domain_id", 2015397760]]
  ↳ db/seeds.rb:49
  [1m[35m (0.3ms)[0m  [1m[35mCOMMIT[0m
  ↳ db/seeds.rb:49
  [1m[35m (0.1ms)[0m  [1m[35mBEGIN[0m
  ↳ db/seeds.rb:51
  [1m[36mListing Create (0.3ms)[0m  [1m[32mINSERT INTO "listings" ("headline", "image", "address", "latitude", "longitude", "created_at", "updated_at", "domain_id") VALUES ($1, $2, $3, $4, $5, $6, $7, $8) RETURNING "id"[0m  [["headline", "Flawless executive design, extraordinary indoor and outdoor living"], ["image", "https://bucket-api.domain.com.au/v1/bucket/image/2015324886_1_1_190604_121715-w5189-h3890"], ["address", "96 Hereford Street, Glebe"], ["latitude", -33.8805351], ["longitude", 151.182358], ["created_at", "2019-07-01 06:24:21.329024"], ["updated_at", "2019-07-01 06:24:21.329024"], ["domain_id", 2015324886]]
  ↳ db/seeds.rb:51
  [1m[35m (0.3ms)[0m  [1m[35mCOMMIT[0m
  ↳ db/seeds.rb:51
  [1m[35m (0.1ms)[0m  [1m[35mBEGIN[0m
  ↳ db/seeds.rb:53
  [1m[36mListing Create (0.4ms)[0m  [1m[32mINSERT INTO "listings" ("headline", "image", "address", "latitude", "longitude", "created_at", "updated_at", "domain_id") VALUES ($1, $2, $3, $4, $5, $6, $7, $8) RETURNING "id"[0m  [["headline", "Two Dwellings, Double Income Opportunity"], ["image", "https://bucket-api.domain.com.au/v1/bucket/image/2015297723_2_pi_190522_062426-w1024-h683"], ["address", "287 Broadway, Glebe"], ["latitude", -33.8845177], ["longitude", 151.192062], ["created_at", "2019-07-01 06:24:21.330921"], ["updated_at", "2019-07-01 06:24:21.330921"], ["domain_id", 2015297723]]
  ↳ db/seeds.rb:53
  [1m[35m (0.3ms)[0m  [1m[35mCOMMIT[0m
  ↳ db/seeds.rb:53
  [1m[35m (0.1ms)[0m  [1m[35mBEGIN[0m
  ↳ db/seeds.rb:55
  [1m[36mListing Create (0.3ms)[0m  [1m[32mINSERT INTO "listings" ("headline", "image", "address", "latitude", "longitude", "created_at", "updated_at", "domain_id") VALUES ($1, $2, $3, $4, $5, $6, $7, $8) RETURNING "id"[0m  [["headline", "A CITYSIDE TREASURE WITH CAPTIVATING VIEWS"], ["image", "https://bucket-api.domain.com.au/v1/bucket/image/2015029918_1_1_190321_122835-w3000-h2000"], ["address", "29 Avona Avenue, Glebe"], ["latitude", -33.8744965], ["longitude", 151.18457], ["created_at", "2019-07-01 06:24:21.332849"], ["updated_at", "2019-07-01 06:24:21.332849"], ["domain_id", 2015029918]]
  ↳ db/seeds.rb:55
  [1m[35m (0.3ms)[0m  [1m[35mCOMMIT[0m
  ↳ db/seeds.rb:55
  [1m[35m (0.1ms)[0m  [1m[35mBEGIN[0m
  ↳ db/seeds.rb:57
  [1m[36mListing Create (0.4ms)[0m  [1m[32mINSERT INTO "listings" ("headline", "image", "address", "latitude", "longitude", "created_at", "updated_at", "domain_id") VALUES ($1, $2, $3, $4, $5, $6, $7, $8) RETURNING "id"[0m  [["headline", "Modern Architectural Terrace Home In Best Location, Close to Everything You Need"], ["image", "https://bucket-api.domain.com.au/v1/bucket/image/2014551371_16_pi_180810_075553-w2400-h1601"], ["address", "T24 Wentworth Street, Glebe"], ["latitude", -33.8797646], ["longitude", 151.192871], ["created_at", "2019-07-01 06:24:21.334875"], ["updated_at", "2019-07-01 06:24:21.334875"], ["domain_id", 2014551371]]
  ↳ db/seeds.rb:57
  [1m[35m (0.3ms)[0m  [1m[35mCOMMIT[0m
  ↳ db/seeds.rb:57
  [1m[36mListing Load (0.4ms)[0m  [1m[34mSELECT "listings".* FROM "listings"[0m
  ↳ db/seeds.rb:59
  [1m[35m (0.1ms)[0m  [1m[35mBEGIN[0m
  ↳ db/seeds.rb:62
  [1m[36mUser::HABTM_Listings Create (1.2ms)[0m  [1m[32mINSERT INTO "listings_users" ("user_id", "listing_id") VALUES ($1, $2) RETURNING "id"[0m  [["user_id", 21], ["listing_id", 6]]
  ↳ db/seeds.rb:62
  [1m[35m (0.3ms)[0m  [1m[35mCOMMIT[0m
  ↳ db/seeds.rb:62
  [1m[35m (0.1ms)[0m  [1m[35mBEGIN[0m
  ↳ db/seeds.rb:62
  [1m[36mUser::HABTM_Listings Create (0.3ms)[0m  [1m[32mINSERT INTO "listings_users" ("user_id", "listing_id") VALUES ($1, $2) RETURNING "id"[0m  [["user_id", 21], ["listing_id", 7]]
  ↳ db/seeds.rb:62
  [1m[35m (0.3ms)[0m  [1m[35mCOMMIT[0m
  ↳ db/seeds.rb:62
  [1m[35m (0.1ms)[0m  [1m[35mBEGIN[0m
  ↳ db/seeds.rb:63
  [1m[36mUser::HABTM_Listings Create (0.2ms)[0m  [1m[32mINSERT INTO "listings_users" ("user_id", "listing_id") VALUES ($1, $2) RETURNING "id"[0m  [["user_id", 22], ["listing_id", 6]]
  ↳ db/seeds.rb:63
  [1m[35m (0.2ms)[0m  [1m[35mCOMMIT[0m
  ↳ db/seeds.rb:63
  [1m[35m (0.1ms)[0m  [1m[35mBEGIN[0m
  ↳ db/seeds.rb:63
  [1m[36mUser::HABTM_Listings Create (0.2ms)[0m  [1m[32mINSERT INTO "listings_users" ("user_id", "listing_id") VALUES ($1, $2) RETURNING "id"[0m  [["user_id", 22], ["listing_id", 7]]
  ↳ db/seeds.rb:63
  [1m[35m (0.2ms)[0m  [1m[35mCOMMIT[0m
  ↳ db/seeds.rb:63
  [1m[35m (0.1ms)[0m  [1m[35mBEGIN[0m
  ↳ db/seeds.rb:63
  [1m[36mUser::HABTM_Listings Create (0.2ms)[0m  [1m[32mINSERT INTO "listings_users" ("user_id", "listing_id") VALUES ($1, $2) RETURNING "id"[0m  [["user_id", 22], ["listing_id", 8]]
  ↳ db/seeds.rb:63
  [1m[35m (0.2ms)[0m  [1m[35mCOMMIT[0m
  ↳ db/seeds.rb:63
  [1m[35m (0.1ms)[0m  [1m[35mBEGIN[0m
  ↳ db/seeds.rb:64
  [1m[36mUser::HABTM_Listings Create (0.2ms)[0m  [1m[32mINSERT INTO "listings_users" ("user_id", "listing_id") VALUES ($1, $2) RETURNING "id"[0m  [["user_id", 23], ["listing_id", 6]]
  ↳ db/seeds.rb:64
  [1m[35m (0.3ms)[0m  [1m[35mCOMMIT[0m
  ↳ db/seeds.rb:64
  [1m[35m (0.2ms)[0m  [1m[35mBEGIN[0m
  ↳ db/seeds.rb:64
  [1m[36mUser::HABTM_Listings Create (0.2ms)[0m  [1m[32mINSERT INTO "listings_users" ("user_id", "listing_id") VALUES ($1, $2) RETURNING "id"[0m  [["user_id", 23], ["listing_id", 7]]
  ↳ db/seeds.rb:64
  [1m[35m (0.3ms)[0m  [1m[35mCOMMIT[0m
  ↳ db/seeds.rb:64
  [1m[35m (0.1ms)[0m  [1m[35mBEGIN[0m
  ↳ db/seeds.rb:64
  [1m[36mUser::HABTM_Listings Create (0.2ms)[0m  [1m[32mINSERT INTO "listings_users" ("user_id", "listing_id") VALUES ($1, $2) RETURNING "id"[0m  [["user_id", 23], ["listing_id", 8]]
  ↳ db/seeds.rb:64
  [1m[35m (0.3ms)[0m  [1m[35mCOMMIT[0m
  ↳ db/seeds.rb:64
  [1m[35m (0.1ms)[0m  [1m[35mBEGIN[0m
  ↳ db/seeds.rb:64
  [1m[36mUser::HABTM_Listings Create (0.2ms)[0m  [1m[32mINSERT INTO "listings_users" ("user_id", "listing_id") VALUES ($1, $2) RETURNING "id"[0m  [["user_id", 23], ["listing_id", 9]]
  ↳ db/seeds.rb:64
  [1m[35m (0.3ms)[0m  [1m[35mCOMMIT[0m
  ↳ db/seeds.rb:64
  [1m[35m (0.1ms)[0m  [1m[35mBEGIN[0m
  ↳ db/seeds.rb:65
  [1m[36mUser::HABTM_Listings Create (0.2ms)[0m  [1m[32mINSERT INTO "listings_users" ("user_id", "listing_id") VALUES ($1, $2) RETURNING "id"[0m  [["user_id", 24], ["listing_id", 6]]
  ↳ db/seeds.rb:65
  [1m[35m (0.3ms)[0m  [1m[35mCOMMIT[0m
  ↳ db/seeds.rb:65
  [1m[35m (0.1ms)[0m  [1m[35mBEGIN[0m
  ↳ db/seeds.rb:65
  [1m[36mUser::HABTM_Listings Create (0.2ms)[0m  [1m[32mINSERT INTO "listings_users" ("user_id", "listing_id") VALUES ($1, $2) RETURNING "id"[0m  [["user_id", 24], ["listing_id", 7]]
  ↳ db/seeds.rb:65
  [1m[35m (0.3ms)[0m  [1m[35mCOMMIT[0m
  ↳ db/seeds.rb:65
  [1m[35m (0.1ms)[0m  [1m[35mBEGIN[0m
  ↳ db/seeds.rb:65
  [1m[36mUser::HABTM_Listings Create (0.3ms)[0m  [1m[32mINSERT INTO "listings_users" ("user_id", "listing_id") VALUES ($1, $2) RETURNING "id"[0m  [["user_id", 24], ["listing_id", 8]]
  ↳ db/seeds.rb:65
  [1m[35m (0.3ms)[0m  [1m[35mCOMMIT[0m
  ↳ db/seeds.rb:65
  [1m[35m (0.1ms)[0m  [1m[35mBEGIN[0m
  ↳ db/seeds.rb:65
  [1m[36mUser::HABTM_Listings Create (0.3ms)[0m  [1m[32mINSERT INTO "listings_users" ("user_id", "listing_id") VALUES ($1, $2) RETURNING "id"[0m  [["user_id", 24], ["listing_id", 9]]
  ↳ db/seeds.rb:65
  [1m[35m (0.3ms)[0m  [1m[35mCOMMIT[0m
  ↳ db/seeds.rb:65
  [1m[35m (0.1ms)[0m  [1m[35mBEGIN[0m
  ↳ db/seeds.rb:65
  [1m[36mUser::HABTM_Listings Create (0.3ms)[0m  [1m[32mINSERT INTO "listings_users" ("user_id", "listing_id") VALUES ($1, $2) RETURNING "id"[0m  [["user_id", 24], ["listing_id", 10]]
  ↳ db/seeds.rb:65
  [1m[35m (0.3ms)[0m  [1m[35mCOMMIT[0m
  ↳ db/seeds.rb:65
  [1m[36mUser Load (0.3ms)[0m  [1m[34mSELECT  "users".* FROM "users" ORDER BY "users"."id" ASC LIMIT $1[0m  [["LIMIT", 1]]
  [1m[36mListing Load (0.8ms)[0m  [1m[34mSELECT "listings".* FROM "listings" INNER JOIN "listings_users" ON "listings"."id" = "listings_users"."listing_id" WHERE "listings_users"."user_id" = $1[0m  [["user_id", 21]]
  [1m[36mUser Load (0.4ms)[0m  [1m[34mSELECT  "users".* FROM "users" ORDER BY "users"."id" DESC LIMIT $1[0m  [["LIMIT", 1]]
  [1m[36mListing Load (0.5ms)[0m  [1m[34mSELECT "listings".* FROM "listings" INNER JOIN "listings_users" ON "listings"."id" = "listings_users"."listing_id" WHERE "listings_users"."user_id" = $1[0m  [["user_id", 24]]
  [1m[36mUser Load (0.7ms)[0m  [1m[34mSELECT  "users".* FROM "users" ORDER BY "users"."id" DESC LIMIT $1[0m  [["LIMIT", 1]]
  [1m[36mListing Load (0.7ms)[0m  [1m[34mSELECT "listings".* FROM "listings" INNER JOIN "listings_users" ON "listings"."id" = "listings_users"."listing_id" WHERE "listings_users"."user_id" = $1[0m  [["user_id", 24]]
  [1m[36mComment Load (0.2ms)[0m  [1m[34mSELECT "comments".* FROM "comments" WHERE "comments"."suburb_id" = $1[0m  [["suburb_id", 11]]
  [1m[36mSuburb Load (0.4ms)[0m  [1m[34mSELECT "suburbs".* FROM "suburbs"[0m
  [1m[36mComment Load (0.5ms)[0m  [1m[34mSELECT "comments".* FROM "comments" WHERE "comments"."suburb_id" = $1[0m  [["suburb_id", 24]]
  [1m[36mComment Load (0.5ms)[0m  [1m[34mSELECT "comments".* FROM "comments" WHERE "comments"."suburb_id" = $1[0m  [["suburb_id", 21]]
  [1m[36mUser Load (2.7ms)[0m  [1m[34mSELECT "users".* FROM "users"[0m
Started POST "/user_token" for ::1 at 2019-07-02 15:52:21 +1000
  [1m[35m (2.1ms)[0m  [1m[34mSELECT "schema_migrations"."version" FROM "schema_migrations" ORDER BY "schema_migrations"."version" ASC[0m
  ↳ /Users/amandachau/.rvm/gems/ruby-2.6.3/gems/activerecord-5.2.3/lib/active_record/log_subscriber.rb:98
Processing by UserTokenController#create as */*
  Parameters: {"auth"=>{"email"=>"ie@ga.co", "password"=>"[FILTERED]"}, "user_token"=>{"auth"=>{"email"=>"ie@ga.co", "password"=>"[FILTERED]"}}}
Can't verify CSRF token authenticity.
Completed 422 Unprocessable Entity in 0ms (ActiveRecord: 0.0ms)


  
ActionController::InvalidAuthenticityToken (ActionController::InvalidAuthenticityToken):
  
actionpack (5.2.3) lib/action_controller/metal/request_forgery_protection.rb:211:in `handle_unverified_request'
actionpack (5.2.3) lib/action_controller/metal/request_forgery_protection.rb:243:in `handle_unverified_request'
actionpack (5.2.3) lib/action_controller/metal/request_forgery_protection.rb:238:in `verify_authenticity_token'
activesupport (5.2.3) lib/active_support/callbacks.rb:426:in `block in make_lambda'
activesupport (5.2.3) lib/active_support/callbacks.rb:198:in `block (2 levels) in halting'
actionpack (5.2.3) lib/abstract_controller/callbacks.rb:34:in `block (2 levels) in <module:Callbacks>'
activesupport (5.2.3) lib/active_support/callbacks.rb:199:in `block in halting'
activesupport (5.2.3) lib/active_support/callbacks.rb:513:in `block in invoke_before'
activesupport (5.2.3) lib/active_support/callbacks.rb:513:in `each'
activesupport (5.2.3) lib/active_support/callbacks.rb:513:in `invoke_before'
activesupport (5.2.3) lib/active_support/callbacks.rb:131:in `run_callbacks'
actionpack (5.2.3) lib/abstract_controller/callbacks.rb:41:in `process_action'
actionpack (5.2.3) lib/action_controller/metal/rescue.rb:22:in `process_action'
actionpack (5.2.3) lib/action_controller/metal/instrumentation.rb:34:in `block in process_action'
activesupport (5.2.3) lib/active_support/notifications.rb:168:in `block in instrument'
activesupport (5.2.3) lib/active_support/notifications/instrumenter.rb:23:in `instrument'
activesupport (5.2.3) lib/active_support/notifications.rb:168:in `instrument'
actionpack (5.2.3) lib/action_controller/metal/instrumentation.rb:32:in `process_action'
actionpack (5.2.3) lib/action_controller/metal/params_wrapper.rb:256:in `process_action'
activerecord (5.2.3) lib/active_record/railties/controller_runtime.rb:24:in `process_action'
actionpack (5.2.3) lib/abstract_controller/base.rb:134:in `process'
actionview (5.2.3) lib/action_view/rendering.rb:32:in `process'
actionpack (5.2.3) lib/action_controller/metal.rb:191:in `dispatch'
actionpack (5.2.3) lib/action_controller/metal.rb:252:in `dispatch'
actionpack (5.2.3) lib/action_dispatch/routing/route_set.rb:52:in `dispatch'
actionpack (5.2.3) lib/action_dispatch/routing/route_set.rb:34:in `serve'
actionpack (5.2.3) lib/action_dispatch/journey/router.rb:52:in `block in serve'
actionpack (5.2.3) lib/action_dispatch/journey/router.rb:35:in `each'
actionpack (5.2.3) lib/action_dispatch/journey/router.rb:35:in `serve'
actionpack (5.2.3) lib/action_dispatch/routing/route_set.rb:840:in `call'
rack (2.0.7) lib/rack/tempfile_reaper.rb:15:in `call'
rack (2.0.7) lib/rack/etag.rb:25:in `call'
rack (2.0.7) lib/rack/conditional_get.rb:38:in `call'
rack (2.0.7) lib/rack/head.rb:12:in `call'
actionpack (5.2.3) lib/action_dispatch/http/content_security_policy.rb:18:in `call'
rack (2.0.7) lib/rack/session/abstract/id.rb:232:in `context'
rack (2.0.7) lib/rack/session/abstract/id.rb:226:in `call'
actionpack (5.2.3) lib/action_dispatch/middleware/cookies.rb:670:in `call'
activerecord (5.2.3) lib/active_record/migration.rb:559:in `call'
actionpack (5.2.3) lib/action_dispatch/middleware/callbacks.rb:28:in `block in call'
activesupport (5.2.3) lib/active_support/callbacks.rb:98:in `run_callbacks'
actionpack (5.2.3) lib/action_dispatch/middleware/callbacks.rb:26:in `call'
actionpack (5.2.3) lib/action_dispatch/middleware/executor.rb:14:in `call'
actionpack (5.2.3) lib/action_dispatch/middleware/debug_exceptions.rb:61:in `call'
web-console (3.7.0) lib/web_console/middleware.rb:135:in `call_app'
web-console (3.7.0) lib/web_console/middleware.rb:30:in `block in call'
web-console (3.7.0) lib/web_console/middleware.rb:20:in `catch'
web-console (3.7.0) lib/web_console/middleware.rb:20:in `call'
actionpack (5.2.3) lib/action_dispatch/middleware/show_exceptions.rb:33:in `call'
railties (5.2.3) lib/rails/rack/logger.rb:38:in `call_app'
railties (5.2.3) lib/rails/rack/logger.rb:26:in `block in call'
activesupport (5.2.3) lib/active_support/tagged_logging.rb:71:in `block in tagged'
activesupport (5.2.3) lib/active_support/tagged_logging.rb:28:in `tagged'
activesupport (5.2.3) lib/active_support/tagged_logging.rb:71:in `tagged'
railties (5.2.3) lib/rails/rack/logger.rb:26:in `call'
sprockets-rails (3.2.1) lib/sprockets/rails/quiet_assets.rb:13:in `call'
actionpack (5.2.3) lib/action_dispatch/middleware/remote_ip.rb:81:in `call'
actionpack (5.2.3) lib/action_dispatch/middleware/request_id.rb:27:in `call'
rack (2.0.7) lib/rack/method_override.rb:22:in `call'
rack (2.0.7) lib/rack/runtime.rb:22:in `call'
activesupport (5.2.3) lib/active_support/cache/strategy/local_cache_middleware.rb:29:in `call'
actionpack (5.2.3) lib/action_dispatch/middleware/executor.rb:14:in `call'
actionpack (5.2.3) lib/action_dispatch/middleware/static.rb:127:in `call'
rack (2.0.7) lib/rack/sendfile.rb:111:in `call'
rack-cors (1.0.3) lib/rack/cors.rb:95:in `call'
railties (5.2.3) lib/rails/engine.rb:524:in `call'
puma (3.12.1) lib/puma/configuration.rb:227:in `call'
puma (3.12.1) lib/puma/server.rb:660:in `handle_request'
puma (3.12.1) lib/puma/server.rb:474:in `process_client'
puma (3.12.1) lib/puma/server.rb:334:in `block in run'
puma (3.12.1) lib/puma/thread_pool.rb:135:in `block in spawn_thread'
Started POST "/user_token" for ::1 at 2019-07-02 15:53:29 +1000
Processing by UserTokenController#create as */*
  Parameters: {"auth"=>{"email"=>"ie@ga.co", "password"=>"[FILTERED]"}, "user_token"=>{"auth"=>{"email"=>"ie@ga.co", "password"=>"[FILTERED]"}}}
Completed 404 Not Found in 12ms (ActiveRecord: 0.0ms)


  [1m[36mUser Load (0.6ms)[0m  [1m[34mSELECT "users".* FROM "users"[0m
  [1m[36mUser Load (2.9ms)[0m  [1m[34mSELECT  "users".* FROM "users" WHERE "users"."email" = $1 LIMIT $2[0m  [["email", "ie@ga.co"], ["LIMIT", 1]]
  [1m[36mUser Load (0.4ms)[0m  [1m[34mSELECT  "users".* FROM "users" WHERE "users"."email" = $1 LIMIT $2[0m  [["email", "ie@ga.co"], ["LIMIT", 1]]
Started POST "/user_token" for ::1 at 2019-07-02 15:55:04 +1000
Processing by UserTokenController#create as */*
  Parameters: {"auth"=>{"email"=>"ie@ga.co", "password"=>"[FILTERED]"}, "user_token"=>{"auth"=>{"email"=>"ie@ga.co", "password"=>"[FILTERED]"}}}
  [1m[36mUser Load (0.8ms)[0m  [1m[34mSELECT  "users".* FROM "users" WHERE "users"."email" = $1 LIMIT $2[0m  [["email", "ie@ga.co"], ["LIMIT", 1]]
  ↳ /Users/amandachau/.rvm/gems/ruby-2.6.3/gems/activerecord-5.2.3/lib/active_record/log_subscriber.rb:98
Completed 201 Created in 283ms (Views: 0.2ms | ActiveRecord: 8.3ms)


